{"C:\\Users\\TING\\Documents\\Astro8\\AI\\sme-ops\\src\\lib\\accounting.js": {"path":"C:\\Users\\TING\\Documents\\Astro8\\AI\\sme-ops\\src\\lib\\accounting.js","statementMap":{"0":{"start":{"line":12,"column":33},"end":{"line":53,"column":null}},"1":{"start":{"line":63,"column":2},"end":{"line":63,"column":null}},"2":{"start":{"line":63,"column":41},"end":{"line":63,"column":null}},"3":{"start":{"line":64,"column":17},"end":{"line":64,"column":null}},"4":{"start":{"line":65,"column":2},"end":{"line":74,"column":null}},"5":{"start":{"line":66,"column":14},"end":{"line":66,"column":null}},"6":{"start":{"line":67,"column":14},"end":{"line":67,"column":null}},"7":{"start":{"line":68,"column":14},"end":{"line":68,"column":null}},"8":{"start":{"line":69,"column":14},"end":{"line":69,"column":null}},"9":{"start":{"line":70,"column":14},"end":{"line":70,"column":null}},"10":{"start":{"line":71,"column":14},"end":{"line":71,"column":null}},"11":{"start":{"line":72,"column":14},"end":{"line":72,"column":null}},"12":{"start":{"line":73,"column":14},"end":{"line":73,"column":null}},"13":{"start":{"line":85,"column":17},"end":{"line":85,"column":null}},"14":{"start":{"line":87,"column":2},"end":{"line":90,"column":null}},"15":{"start":{"line":88,"column":4},"end":{"line":88,"column":null}},"16":{"start":{"line":89,"column":4},"end":{"line":89,"column":null}},"17":{"start":{"line":92,"column":2},"end":{"line":94,"column":null}},"18":{"start":{"line":93,"column":4},"end":{"line":93,"column":null}},"19":{"start":{"line":96,"column":19},"end":{"line":96,"column":null}},"20":{"start":{"line":97,"column":20},"end":{"line":97,"column":null}},"21":{"start":{"line":99,"column":2},"end":{"line":126,"column":null}},"22":{"start":{"line":100,"column":16},"end":{"line":100,"column":null}},"23":{"start":{"line":102,"column":4},"end":{"line":104,"column":null}},"24":{"start":{"line":103,"column":6},"end":{"line":103,"column":null}},"25":{"start":{"line":106,"column":4},"end":{"line":108,"column":null}},"26":{"start":{"line":107,"column":6},"end":{"line":107,"column":null}},"27":{"start":{"line":110,"column":18},"end":{"line":110,"column":null}},"28":{"start":{"line":111,"column":19},"end":{"line":111,"column":null}},"29":{"start":{"line":113,"column":4},"end":{"line":113,"column":null}},"30":{"start":{"line":113,"column":19},"end":{"line":113,"column":null}},"31":{"start":{"line":114,"column":4},"end":{"line":114,"column":null}},"32":{"start":{"line":114,"column":20},"end":{"line":114,"column":null}},"33":{"start":{"line":116,"column":4},"end":{"line":118,"column":null}},"34":{"start":{"line":117,"column":6},"end":{"line":117,"column":null}},"35":{"start":{"line":120,"column":4},"end":{"line":122,"column":null}},"36":{"start":{"line":121,"column":6},"end":{"line":121,"column":null}},"37":{"start":{"line":124,"column":4},"end":{"line":124,"column":null}},"38":{"start":{"line":125,"column":4},"end":{"line":125,"column":null}},"39":{"start":{"line":129,"column":2},"end":{"line":129,"column":null}},"40":{"start":{"line":130,"column":2},"end":{"line":130,"column":null}},"41":{"start":{"line":131,"column":21},"end":{"line":131,"column":null}},"42":{"start":{"line":133,"column":2},"end":{"line":135,"column":null}},"43":{"start":{"line":134,"column":4},"end":{"line":134,"column":null}},"44":{"start":{"line":137,"column":2},"end":{"line":143,"column":null}},"45":{"start":{"line":156,"column":17},"end":{"line":156,"column":null}},"46":{"start":{"line":159,"column":21},"end":{"line":159,"column":null}},"47":{"start":{"line":160,"column":2},"end":{"line":162,"column":null}},"48":{"start":{"line":161,"column":4},"end":{"line":161,"column":null}},"49":{"start":{"line":164,"column":2},"end":{"line":208,"column":null}},"50":{"start":{"line":166,"column":35},"end":{"line":169,"column":null}},"51":{"start":{"line":171,"column":4},"end":{"line":174,"column":null}},"52":{"start":{"line":172,"column":6},"end":{"line":172,"column":null}},"53":{"start":{"line":173,"column":6},"end":{"line":173,"column":null}},"54":{"start":{"line":177,"column":4},"end":{"line":198,"column":null}},"55":{"start":{"line":178,"column":20},"end":{"line":178,"column":null}},"56":{"start":{"line":179,"column":21},"end":{"line":179,"column":null}},"57":{"start":{"line":180,"column":19},"end":{"line":180,"column":null}},"58":{"start":{"line":183,"column":26},"end":{"line":183,"column":null}},"59":{"start":{"line":184,"column":6},"end":{"line":188,"column":null}},"60":{"start":{"line":185,"column":8},"end":{"line":185,"column":null}},"61":{"start":{"line":187,"column":8},"end":{"line":187,"column":null}},"62":{"start":{"line":190,"column":38},"end":{"line":193,"column":null}},"63":{"start":{"line":195,"column":6},"end":{"line":197,"column":null}},"64":{"start":{"line":196,"column":8},"end":{"line":196,"column":null}},"65":{"start":{"line":200,"column":4},"end":{"line":202,"column":null}},"66":{"start":{"line":201,"column":6},"end":{"line":201,"column":null}},"67":{"start":{"line":204,"column":4},"end":{"line":204,"column":null}},"68":{"start":{"line":206,"column":4},"end":{"line":206,"column":null}},"69":{"start":{"line":207,"column":4},"end":{"line":207,"column":null}},"70":{"start":{"line":221,"column":21},"end":{"line":221,"column":null}},"71":{"start":{"line":223,"column":2},"end":{"line":230,"column":null}},"72":{"start":{"line":224,"column":17},"end":{"line":224,"column":null}},"73":{"start":{"line":225,"column":4},"end":{"line":227,"column":null}},"74":{"start":{"line":226,"column":6},"end":{"line":226,"column":null}},"75":{"start":{"line":228,"column":4},"end":{"line":228,"column":null}},"76":{"start":{"line":229,"column":4},"end":{"line":229,"column":null}},"77":{"start":{"line":232,"column":17},"end":{"line":232,"column":null}},"78":{"start":{"line":234,"column":2},"end":{"line":269,"column":null}},"79":{"start":{"line":235,"column":16},"end":{"line":235,"column":null}},"80":{"start":{"line":236,"column":4},"end":{"line":236,"column":22}},"81":{"start":{"line":236,"column":14},"end":{"line":236,"column":22}},"82":{"start":{"line":238,"column":17},"end":{"line":238,"column":null}},"83":{"start":{"line":239,"column":21},"end":{"line":239,"column":null}},"84":{"start":{"line":240,"column":22},"end":{"line":240,"column":null}},"85":{"start":{"line":243,"column":24},"end":{"line":243,"column":null}},"86":{"start":{"line":244,"column":25},"end":{"line":244,"column":null}},"87":{"start":{"line":246,"column":4},"end":{"line":260,"column":null}},"88":{"start":{"line":247,"column":18},"end":{"line":247,"column":null}},"89":{"start":{"line":248,"column":6},"end":{"line":252,"column":null}},"90":{"start":{"line":249,"column":8},"end":{"line":249,"column":null}},"91":{"start":{"line":251,"column":8},"end":{"line":251,"column":null}},"92":{"start":{"line":254,"column":18},"end":{"line":254,"column":null}},"93":{"start":{"line":255,"column":6},"end":{"line":259,"column":null}},"94":{"start":{"line":256,"column":8},"end":{"line":256,"column":null}},"95":{"start":{"line":258,"column":8},"end":{"line":258,"column":null}},"96":{"start":{"line":262,"column":4},"end":{"line":268,"column":null}},"97":{"start":{"line":272,"column":2},"end":{"line":272,"column":null}},"98":{"start":{"line":272,"column":24},"end":{"line":272,"column":68}},"99":{"start":{"line":274,"column":2},"end":{"line":274,"column":null}},"100":{"start":{"line":286,"column":21},"end":{"line":286,"column":null}},"101":{"start":{"line":287,"column":25},"end":{"line":287,"column":null}},"102":{"start":{"line":288,"column":22},"end":{"line":288,"column":null}},"103":{"start":{"line":290,"column":2},"end":{"line":306,"column":null}},"104":{"start":{"line":291,"column":20},"end":{"line":291,"column":null}},"105":{"start":{"line":292,"column":18},"end":{"line":292,"column":null}},"106":{"start":{"line":294,"column":4},"end":{"line":304,"column":null}},"107":{"start":{"line":296,"column":6},"end":{"line":296,"column":null}},"108":{"start":{"line":297,"column":6},"end":{"line":297,"column":null}},"109":{"start":{"line":298,"column":11},"end":{"line":304,"column":null}},"110":{"start":{"line":299,"column":6},"end":{"line":299,"column":null}},"111":{"start":{"line":300,"column":6},"end":{"line":300,"column":null}},"112":{"start":{"line":301,"column":11},"end":{"line":304,"column":null}},"113":{"start":{"line":302,"column":6},"end":{"line":302,"column":null}},"114":{"start":{"line":303,"column":6},"end":{"line":303,"column":null}},"115":{"start":{"line":309,"column":21},"end":{"line":323,"column":null}},"116":{"start":{"line":310,"column":19},"end":{"line":310,"column":null}},"117":{"start":{"line":311,"column":4},"end":{"line":321,"column":null}},"118":{"start":{"line":312,"column":22},"end":{"line":312,"column":null}},"119":{"start":{"line":312,"column":41},"end":{"line":312,"column":79}},"120":{"start":{"line":313,"column":6},"end":{"line":320,"column":null}},"121":{"start":{"line":314,"column":25},"end":{"line":314,"column":null}},"122":{"start":{"line":314,"column":62},"end":{"line":314,"column":75}},"123":{"start":{"line":315,"column":8},"end":{"line":319,"column":null}},"124":{"start":{"line":322,"column":4},"end":{"line":322,"column":null}},"125":{"start":{"line":325,"column":17},"end":{"line":332,"column":null}},"126":{"start":{"line":334,"column":22},"end":{"line":339,"column":null}},"127":{"start":{"line":341,"column":17},"end":{"line":346,"column":null}},"128":{"start":{"line":348,"column":22},"end":{"line":348,"column":null}},"129":{"start":{"line":348,"column":62},"end":{"line":348,"column":75}},"130":{"start":{"line":349,"column":27},"end":{"line":349,"column":null}},"131":{"start":{"line":349,"column":71},"end":{"line":349,"column":84}},"132":{"start":{"line":350,"column":22},"end":{"line":350,"column":null}},"133":{"start":{"line":350,"column":63},"end":{"line":350,"column":76}},"134":{"start":{"line":351,"column":19},"end":{"line":351,"column":null}},"135":{"start":{"line":353,"column":2},"end":{"line":362,"column":null}},"136":{"start":{"line":374,"column":18},"end":{"line":374,"column":null}},"137":{"start":{"line":375,"column":26},"end":{"line":375,"column":null}},"138":{"start":{"line":376,"column":28},"end":{"line":376,"column":null}},"139":{"start":{"line":377,"column":22},"end":{"line":377,"column":null}},"140":{"start":{"line":378,"column":24},"end":{"line":378,"column":null}},"141":{"start":{"line":380,"column":2},"end":{"line":404,"column":null}},"142":{"start":{"line":381,"column":18},"end":{"line":381,"column":null}},"143":{"start":{"line":383,"column":4},"end":{"line":403,"column":null}},"144":{"start":{"line":385,"column":6},"end":{"line":385,"column":null}},"145":{"start":{"line":386,"column":6},"end":{"line":386,"column":null}},"146":{"start":{"line":387,"column":11},"end":{"line":403,"column":null}},"147":{"start":{"line":388,"column":6},"end":{"line":388,"column":null}},"148":{"start":{"line":389,"column":6},"end":{"line":389,"column":null}},"149":{"start":{"line":390,"column":11},"end":{"line":403,"column":null}},"150":{"start":{"line":391,"column":6},"end":{"line":391,"column":null}},"151":{"start":{"line":392,"column":6},"end":{"line":392,"column":null}},"152":{"start":{"line":393,"column":11},"end":{"line":403,"column":null}},"153":{"start":{"line":395,"column":18},"end":{"line":395,"column":null}},"154":{"start":{"line":396,"column":6},"end":{"line":402,"column":null}},"155":{"start":{"line":397,"column":8},"end":{"line":397,"column":null}},"156":{"start":{"line":398,"column":8},"end":{"line":398,"column":null}},"157":{"start":{"line":400,"column":8},"end":{"line":400,"column":null}},"158":{"start":{"line":401,"column":8},"end":{"line":401,"column":null}},"159":{"start":{"line":406,"column":23},"end":{"line":406,"column":null}},"160":{"start":{"line":406,"column":59},"end":{"line":406,"column":71}},"161":{"start":{"line":407,"column":20},"end":{"line":407,"column":null}},"162":{"start":{"line":407,"column":64},"end":{"line":407,"column":76}},"163":{"start":{"line":408,"column":22},"end":{"line":408,"column":null}},"164":{"start":{"line":410,"column":20},"end":{"line":410,"column":null}},"165":{"start":{"line":410,"column":66},"end":{"line":410,"column":78}},"166":{"start":{"line":411,"column":26},"end":{"line":411,"column":null}},"167":{"start":{"line":413,"column":27},"end":{"line":413,"column":null}},"168":{"start":{"line":413,"column":67},"end":{"line":413,"column":79}},"169":{"start":{"line":414,"column":29},"end":{"line":414,"column":null}},"170":{"start":{"line":414,"column":71},"end":{"line":414,"column":83}},"171":{"start":{"line":415,"column":20},"end":{"line":415,"column":null}},"172":{"start":{"line":417,"column":2},"end":{"line":427,"column":null}},"173":{"start":{"line":438,"column":21},"end":{"line":440,"column":null}},"174":{"start":{"line":439,"column":29},"end":{"line":439,"column":61}},"175":{"start":{"line":441,"column":22},"end":{"line":443,"column":null}},"176":{"start":{"line":442,"column":29},"end":{"line":442,"column":62}},"177":{"start":{"line":444,"column":2},"end":{"line":448,"column":null}},"178":{"start":{"line":462,"column":34},"end":{"line":465,"column":null}},"179":{"start":{"line":467,"column":19},"end":{"line":467,"column":null}},"180":{"start":{"line":467,"column":50},"end":{"line":467,"column":54}},"181":{"start":{"line":468,"column":2},"end":{"line":478,"column":null}},"182":{"start":{"line":469,"column":17},"end":{"line":469,"column":null}},"183":{"start":{"line":469,"column":45},"end":{"line":469,"column":67}},"184":{"start":{"line":470,"column":4},"end":{"line":477,"column":null}},"185":{"start":{"line":480,"column":33},"end":{"line":484,"column":null}},"186":{"start":{"line":486,"column":21},"end":{"line":488,"column":null}},"187":{"start":{"line":487,"column":42},"end":{"line":487,"column":68}},"188":{"start":{"line":489,"column":22},"end":{"line":491,"column":null}},"189":{"start":{"line":490,"column":42},"end":{"line":490,"column":69}},"190":{"start":{"line":493,"column":15},"end":{"line":493,"column":null}},"191":{"start":{"line":494,"column":15},"end":{"line":494,"column":null}},"192":{"start":{"line":494,"column":43},"end":{"line":494,"column":65}},"193":{"start":{"line":498,"column":2},"end":{"line":502,"column":null}},"194":{"start":{"line":499,"column":4},"end":{"line":499,"column":null}},"195":{"start":{"line":501,"column":4},"end":{"line":501,"column":null}},"196":{"start":{"line":504,"column":2},"end":{"line":511,"column":null}},"197":{"start":{"line":521,"column":34},"end":{"line":524,"column":null}},"198":{"start":{"line":526,"column":19},"end":{"line":526,"column":null}},"199":{"start":{"line":526,"column":50},"end":{"line":526,"column":54}},"200":{"start":{"line":527,"column":2},"end":{"line":527,"column":null}},"201":{"start":{"line":527,"column":29},"end":{"line":527,"column":null}},"202":{"start":{"line":530,"column":29},"end":{"line":533,"column":null}},"203":{"start":{"line":535,"column":2},"end":{"line":535,"column":null}},"204":{"start":{"line":535,"column":42},"end":{"line":535,"column":null}},"205":{"start":{"line":538,"column":21},"end":{"line":538,"column":null}},"206":{"start":{"line":539,"column":2},"end":{"line":551,"column":null}},"207":{"start":{"line":540,"column":17},"end":{"line":540,"column":null}},"208":{"start":{"line":541,"column":4},"end":{"line":548,"column":null}},"209":{"start":{"line":542,"column":6},"end":{"line":547,"column":null}},"210":{"start":{"line":549,"column":4},"end":{"line":549,"column":null}},"211":{"start":{"line":550,"column":4},"end":{"line":550,"column":null}},"212":{"start":{"line":554,"column":18},"end":{"line":554,"column":null}},"213":{"start":{"line":555,"column":2},"end":{"line":568,"column":null}},"214":{"start":{"line":556,"column":17},"end":{"line":556,"column":null}},"215":{"start":{"line":557,"column":4},"end":{"line":557,"column":null}},"216":{"start":{"line":558,"column":4},"end":{"line":558,"column":null}},"217":{"start":{"line":560,"column":4},"end":{"line":564,"column":null}},"218":{"start":{"line":561,"column":6},"end":{"line":561,"column":null}},"219":{"start":{"line":563,"column":6},"end":{"line":563,"column":null}},"220":{"start":{"line":566,"column":4},"end":{"line":566,"column":null}},"221":{"start":{"line":566,"column":24},"end":{"line":566,"column":null}},"222":{"start":{"line":567,"column":4},"end":{"line":567,"column":null}},"223":{"start":{"line":571,"column":2},"end":{"line":573,"column":null}},"224":{"start":{"line":572,"column":4},"end":{"line":572,"column":null}},"225":{"start":{"line":572,"column":33},"end":{"line":572,"column":75}},"226":{"start":{"line":575,"column":2},"end":{"line":575,"column":null}},"227":{"start":{"line":593,"column":6},"end":{"line":593,"column":null}},"228":{"start":{"line":595,"column":28},"end":{"line":595,"column":null}},"229":{"start":{"line":596,"column":19},"end":{"line":596,"column":null}},"230":{"start":{"line":597,"column":18},"end":{"line":597,"column":null}},"231":{"start":{"line":601,"column":4},"end":{"line":602,"column":null}},"232":{"start":{"line":603,"column":2},"end":{"line":603,"column":null}},"233":{"start":{"line":603,"column":25},"end":{"line":603,"column":null}},"234":{"start":{"line":605,"column":22},"end":{"line":605,"column":null}},"235":{"start":{"line":608,"column":23},"end":{"line":608,"column":null}},"236":{"start":{"line":610,"column":22},"end":{"line":610,"column":null}},"237":{"start":{"line":612,"column":29},"end":{"line":612,"column":null}},"238":{"start":{"line":613,"column":33},"end":{"line":613,"column":null}},"239":{"start":{"line":615,"column":2},"end":{"line":690,"column":null}},"240":{"start":{"line":618,"column":6},"end":{"line":618,"column":null}},"241":{"start":{"line":619,"column":6},"end":{"line":619,"column":null}},"242":{"start":{"line":620,"column":6},"end":{"line":620,"column":null}},"243":{"start":{"line":625,"column":19},"end":{"line":627,"column":31}},"244":{"start":{"line":629,"column":6},"end":{"line":629,"column":null}},"245":{"start":{"line":630,"column":27},"end":{"line":630,"column":null}},"246":{"start":{"line":632,"column":6},"end":{"line":650,"column":null}},"247":{"start":{"line":632,"column":22},"end":{"line":632,"column":23}},"248":{"start":{"line":633,"column":33},"end":{"line":635,"column":null}},"249":{"start":{"line":637,"column":8},"end":{"line":637,"column":null}},"250":{"start":{"line":637,"column":35},"end":{"line":637,"column":null}},"251":{"start":{"line":639,"column":26},"end":{"line":639,"column":null}},"252":{"start":{"line":640,"column":27},"end":{"line":640,"column":null}},"253":{"start":{"line":642,"column":8},"end":{"line":644,"column":null}},"254":{"start":{"line":643,"column":10},"end":{"line":643,"column":null}},"255":{"start":{"line":646,"column":8},"end":{"line":646,"column":null}},"256":{"start":{"line":647,"column":8},"end":{"line":649,"column":null}},"257":{"start":{"line":648,"column":10},"end":{"line":648,"column":null}},"258":{"start":{"line":653,"column":6},"end":{"line":655,"column":null}},"259":{"start":{"line":654,"column":8},"end":{"line":654,"column":null}},"260":{"start":{"line":657,"column":6},"end":{"line":657,"column":null}},"261":{"start":{"line":658,"column":6},"end":{"line":658,"column":null}},"262":{"start":{"line":663,"column":25},"end":{"line":663,"column":null}},"263":{"start":{"line":664,"column":6},"end":{"line":664,"column":null}},"264":{"start":{"line":666,"column":6},"end":{"line":682,"column":null}},"265":{"start":{"line":666,"column":22},"end":{"line":666,"column":23}},"266":{"start":{"line":667,"column":30},"end":{"line":667,"column":null}},"267":{"start":{"line":668,"column":26},"end":{"line":668,"column":null}},"268":{"start":{"line":669,"column":27},"end":{"line":669,"column":null}},"269":{"start":{"line":671,"column":33},"end":{"line":673,"column":null}},"270":{"start":{"line":675,"column":8},"end":{"line":675,"column":null}},"271":{"start":{"line":675,"column":35},"end":{"line":675,"column":null}},"272":{"start":{"line":677,"column":8},"end":{"line":679,"column":null}},"273":{"start":{"line":678,"column":10},"end":{"line":678,"column":null}},"274":{"start":{"line":681,"column":8},"end":{"line":681,"column":null}},"275":{"start":{"line":684,"column":6},"end":{"line":684,"column":null}},"276":{"start":{"line":685,"column":6},"end":{"line":685,"column":null}},"277":{"start":{"line":689,"column":6},"end":{"line":689,"column":null}},"278":{"start":{"line":693,"column":2},"end":{"line":695,"column":null}},"279":{"start":{"line":694,"column":4},"end":{"line":694,"column":null}},"280":{"start":{"line":697,"column":21},"end":{"line":697,"column":null}},"281":{"start":{"line":699,"column":2},"end":{"line":703,"column":null}},"282":{"start":{"line":716,"column":19},"end":{"line":719,"column":null}},"283":{"start":{"line":721,"column":2},"end":{"line":723,"column":null}},"284":{"start":{"line":722,"column":4},"end":{"line":722,"column":null}},"285":{"start":{"line":724,"column":2},"end":{"line":726,"column":null}},"286":{"start":{"line":725,"column":4},"end":{"line":725,"column":null}},"287":{"start":{"line":728,"column":36},"end":{"line":731,"column":null}},"288":{"start":{"line":733,"column":18},"end":{"line":733,"column":null}},"289":{"start":{"line":734,"column":19},"end":{"line":734,"column":null}},"290":{"start":{"line":735,"column":19},"end":{"line":735,"column":null}},"291":{"start":{"line":735,"column":36},"end":{"line":735,"column":40}},"292":{"start":{"line":737,"column":2},"end":{"line":739,"column":null}},"293":{"start":{"line":738,"column":4},"end":{"line":738,"column":null}},"294":{"start":{"line":742,"column":20},"end":{"line":742,"column":null}},"295":{"start":{"line":743,"column":17},"end":{"line":743,"column":null}},"296":{"start":{"line":744,"column":2},"end":{"line":751,"column":null}},"297":{"start":{"line":744,"column":15},"end":{"line":744,"column":16}},"298":{"start":{"line":745,"column":18},"end":{"line":745,"column":null}},"299":{"start":{"line":746,"column":21},"end":{"line":749,"column":null}},"300":{"start":{"line":750,"column":4},"end":{"line":750,"column":null}},"301":{"start":{"line":750,"column":14},"end":{"line":750,"column":null}},"302":{"start":{"line":753,"column":2},"end":{"line":753,"column":null}},"303":{"start":{"line":762,"column":30},"end":{"line":762,"column":null}},"304":{"start":{"line":763,"column":2},"end":{"line":763,"column":null}},"305":{"start":{"line":772,"column":23},"end":{"line":772,"column":null}},"306":{"start":{"line":773,"column":17},"end":{"line":773,"column":null}},"307":{"start":{"line":774,"column":2},"end":{"line":774,"column":null}},"308":{"start":{"line":784,"column":30},"end":{"line":784,"column":null}},"309":{"start":{"line":785,"column":23},"end":{"line":785,"column":null}},"310":{"start":{"line":786,"column":17},"end":{"line":786,"column":null}},"311":{"start":{"line":787,"column":2},"end":{"line":787,"column":null}}},"fnMap":{"0":{"name":"getAccountType","decl":{"start":{"line":62,"column":16},"end":{"line":62,"column":30}},"loc":{"start":{"line":62,"column":37},"end":{"line":75,"column":null}},"line":62},"1":{"name":"validateJournalEntry","decl":{"start":{"line":84,"column":16},"end":{"line":84,"column":36}},"loc":{"start":{"line":84,"column":44},"end":{"line":144,"column":null}},"line":84},"2":{"name":"(anonymous_2)","decl":{"start":{"line":99,"column":16},"end":{"line":99,"column":17}},"loc":{"start":{"line":99,"column":29},"end":{"line":126,"column":3}},"line":99},"3":{"name":"postJournalEntry","decl":{"start":{"line":155,"column":22},"end":{"line":155,"column":38}},"loc":{"start":{"line":155,"column":65},"end":{"line":209,"column":null}},"line":155},"4":{"name":"generateTrialBalance","decl":{"start":{"line":219,"column":16},"end":{"line":219,"column":36}},"loc":{"start":{"line":219,"column":61},"end":{"line":275,"column":null}},"line":219},"5":{"name":"(anonymous_5)","decl":{"start":{"line":272,"column":14},"end":{"line":272,"column":15}},"loc":{"start":{"line":272,"column":24},"end":{"line":272,"column":68}},"line":272},"6":{"name":"generateBalanceSheet","decl":{"start":{"line":285,"column":16},"end":{"line":285,"column":36}},"loc":{"start":{"line":285,"column":59},"end":{"line":363,"column":null}},"line":285},"7":{"name":"(anonymous_7)","decl":{"start":{"line":309,"column":21},"end":{"line":309,"column":22}},"loc":{"start":{"line":309,"column":44},"end":{"line":323,"column":null}},"line":309},"8":{"name":"(anonymous_8)","decl":{"start":{"line":312,"column":35},"end":{"line":312,"column":37}},"loc":{"start":{"line":312,"column":41},"end":{"line":312,"column":79}},"line":312},"9":{"name":"(anonymous_9)","decl":{"start":{"line":314,"column":51},"end":{"line":314,"column":52}},"loc":{"start":{"line":314,"column":62},"end":{"line":314,"column":75}},"line":314},"10":{"name":"(anonymous_10)","decl":{"start":{"line":348,"column":51},"end":{"line":348,"column":52}},"loc":{"start":{"line":348,"column":62},"end":{"line":348,"column":75}},"line":348},"11":{"name":"(anonymous_11)","decl":{"start":{"line":349,"column":60},"end":{"line":349,"column":61}},"loc":{"start":{"line":349,"column":71},"end":{"line":349,"column":84}},"line":349},"12":{"name":"(anonymous_12)","decl":{"start":{"line":350,"column":52},"end":{"line":350,"column":53}},"loc":{"start":{"line":350,"column":63},"end":{"line":350,"column":76}},"line":350},"13":{"name":"generateProfitLoss","decl":{"start":{"line":373,"column":16},"end":{"line":373,"column":34}},"loc":{"start":{"line":373,"column":57},"end":{"line":428,"column":null}},"line":373},"14":{"name":"(anonymous_14)","decl":{"start":{"line":406,"column":49},"end":{"line":406,"column":50}},"loc":{"start":{"line":406,"column":59},"end":{"line":406,"column":71}},"line":406},"15":{"name":"(anonymous_15)","decl":{"start":{"line":407,"column":54},"end":{"line":407,"column":55}},"loc":{"start":{"line":407,"column":64},"end":{"line":407,"column":76}},"line":407},"16":{"name":"(anonymous_16)","decl":{"start":{"line":410,"column":56},"end":{"line":410,"column":57}},"loc":{"start":{"line":410,"column":66},"end":{"line":410,"column":78}},"line":410},"17":{"name":"(anonymous_17)","decl":{"start":{"line":413,"column":57},"end":{"line":413,"column":58}},"loc":{"start":{"line":413,"column":67},"end":{"line":413,"column":79}},"line":413},"18":{"name":"(anonymous_18)","decl":{"start":{"line":414,"column":61},"end":{"line":414,"column":62}},"loc":{"start":{"line":414,"column":71},"end":{"line":414,"column":83}},"line":414},"19":{"name":"validateJournalBalance","decl":{"start":{"line":437,"column":16},"end":{"line":437,"column":38}},"loc":{"start":{"line":437,"column":46},"end":{"line":449,"column":null}},"line":437},"20":{"name":"(anonymous_20)","decl":{"start":{"line":439,"column":17},"end":{"line":439,"column":18}},"loc":{"start":{"line":439,"column":29},"end":{"line":439,"column":61}},"line":439},"21":{"name":"(anonymous_21)","decl":{"start":{"line":442,"column":17},"end":{"line":442,"column":18}},"loc":{"start":{"line":442,"column":29},"end":{"line":442,"column":62}},"line":442},"22":{"name":"getAccountBalance","decl":{"start":{"line":460,"column":22},"end":{"line":460,"column":39}},"loc":{"start":{"line":460,"column":69},"end":{"line":512,"column":null}},"line":460},"23":{"name":"(anonymous_23)","decl":{"start":{"line":467,"column":45},"end":{"line":467,"column":46}},"loc":{"start":{"line":467,"column":50},"end":{"line":467,"column":54}},"line":467},"24":{"name":"(anonymous_24)","decl":{"start":{"line":469,"column":40},"end":{"line":469,"column":41}},"loc":{"start":{"line":469,"column":45},"end":{"line":469,"column":67}},"line":469},"25":{"name":"(anonymous_25)","decl":{"start":{"line":487,"column":32},"end":{"line":487,"column":33}},"loc":{"start":{"line":487,"column":42},"end":{"line":487,"column":68}},"line":487},"26":{"name":"(anonymous_26)","decl":{"start":{"line":490,"column":32},"end":{"line":490,"column":33}},"loc":{"start":{"line":490,"column":42},"end":{"line":490,"column":69}},"line":490},"27":{"name":"(anonymous_27)","decl":{"start":{"line":494,"column":38},"end":{"line":494,"column":39}},"loc":{"start":{"line":494,"column":43},"end":{"line":494,"column":65}},"line":494},"28":{"name":"getAccountBalances","decl":{"start":{"line":519,"column":22},"end":{"line":519,"column":40}},"loc":{"start":{"line":519,"column":57},"end":{"line":576,"column":null}},"line":519},"29":{"name":"(anonymous_29)","decl":{"start":{"line":526,"column":45},"end":{"line":526,"column":46}},"loc":{"start":{"line":526,"column":50},"end":{"line":526,"column":54}},"line":526},"30":{"name":"(anonymous_30)","decl":{"start":{"line":572,"column":23},"end":{"line":572,"column":24}},"loc":{"start":{"line":572,"column":33},"end":{"line":572,"column":75}},"line":572},"31":{"name":"calculateDepreciation","decl":{"start":{"line":585,"column":16},"end":{"line":585,"column":37}},"loc":{"start":{"line":585,"column":45},"end":{"line":704,"column":null}},"line":585},"32":{"name":"fetchPostedData","decl":{"start":{"line":714,"column":15},"end":{"line":714,"column":30}},"loc":{"start":{"line":714,"column":52},"end":{"line":754,"column":null}},"line":714},"33":{"name":"(anonymous_33)","decl":{"start":{"line":735,"column":31},"end":{"line":735,"column":32}},"loc":{"start":{"line":735,"column":36},"end":{"line":735,"column":40}},"line":735},"34":{"name":"getTrialBalance","decl":{"start":{"line":761,"column":22},"end":{"line":761,"column":37}},"loc":{"start":{"line":761,"column":48},"end":{"line":764,"column":null}},"line":761},"35":{"name":"getBalanceSheetData","decl":{"start":{"line":771,"column":22},"end":{"line":771,"column":41}},"loc":{"start":{"line":771,"column":52},"end":{"line":775,"column":null}},"line":771},"36":{"name":"getIncomeStatement","decl":{"start":{"line":783,"column":22},"end":{"line":783,"column":40}},"loc":{"start":{"line":783,"column":61},"end":{"line":788,"column":null}},"line":783}},"branchMap":{"0":{"loc":{"start":{"line":63,"column":2},"end":{"line":63,"column":null}},"type":"if","locations":[{"start":{"line":63,"column":2},"end":{"line":63,"column":null}},{"start":{},"end":{}}],"line":63},"1":{"loc":{"start":{"line":63,"column":6},"end":{"line":63,"column":39}},"type":"binary-expr","locations":[{"start":{"line":63,"column":6},"end":{"line":63,"column":11}},{"start":{"line":63,"column":15},"end":{"line":63,"column":39}}],"line":63},"2":{"loc":{"start":{"line":65,"column":2},"end":{"line":74,"column":null}},"type":"switch","locations":[{"start":{"line":66,"column":4},"end":{"line":66,"column":null}},{"start":{"line":67,"column":4},"end":{"line":67,"column":null}},{"start":{"line":68,"column":4},"end":{"line":68,"column":null}},{"start":{"line":69,"column":4},"end":{"line":69,"column":null}},{"start":{"line":70,"column":4},"end":{"line":70,"column":null}},{"start":{"line":71,"column":4},"end":{"line":71,"column":null}},{"start":{"line":72,"column":4},"end":{"line":72,"column":null}},{"start":{"line":73,"column":4},"end":{"line":73,"column":null}}],"line":65},"3":{"loc":{"start":{"line":87,"column":2},"end":{"line":90,"column":null}},"type":"if","locations":[{"start":{"line":87,"column":2},"end":{"line":90,"column":null}},{"start":{},"end":{}}],"line":87},"4":{"loc":{"start":{"line":87,"column":6},"end":{"line":87,"column":49}},"type":"binary-expr","locations":[{"start":{"line":87,"column":6},"end":{"line":87,"column":27}},{"start":{"line":87,"column":31},"end":{"line":87,"column":49}}],"line":87},"5":{"loc":{"start":{"line":92,"column":2},"end":{"line":94,"column":null}},"type":"if","locations":[{"start":{"line":92,"column":2},"end":{"line":94,"column":null}},{"start":{},"end":{}}],"line":92},"6":{"loc":{"start":{"line":102,"column":4},"end":{"line":104,"column":null}},"type":"if","locations":[{"start":{"line":102,"column":4},"end":{"line":104,"column":null}},{"start":{},"end":{}}],"line":102},"7":{"loc":{"start":{"line":106,"column":4},"end":{"line":108,"column":null}},"type":"if","locations":[{"start":{"line":106,"column":4},"end":{"line":108,"column":null}},{"start":{},"end":{}}],"line":106},"8":{"loc":{"start":{"line":110,"column":18},"end":{"line":110,"column":null}},"type":"binary-expr","locations":[{"start":{"line":110,"column":18},"end":{"line":110,"column":36}},{"start":{"line":110,"column":40},"end":{"line":110,"column":null}}],"line":110},"9":{"loc":{"start":{"line":111,"column":19},"end":{"line":111,"column":null}},"type":"binary-expr","locations":[{"start":{"line":111,"column":19},"end":{"line":111,"column":38}},{"start":{"line":111,"column":42},"end":{"line":111,"column":null}}],"line":111},"10":{"loc":{"start":{"line":113,"column":4},"end":{"line":113,"column":null}},"type":"if","locations":[{"start":{"line":113,"column":4},"end":{"line":113,"column":null}},{"start":{},"end":{}}],"line":113},"11":{"loc":{"start":{"line":114,"column":4},"end":{"line":114,"column":null}},"type":"if","locations":[{"start":{"line":114,"column":4},"end":{"line":114,"column":null}},{"start":{},"end":{}}],"line":114},"12":{"loc":{"start":{"line":116,"column":4},"end":{"line":118,"column":null}},"type":"if","locations":[{"start":{"line":116,"column":4},"end":{"line":118,"column":null}},{"start":{},"end":{}}],"line":116},"13":{"loc":{"start":{"line":116,"column":8},"end":{"line":116,"column":35}},"type":"binary-expr","locations":[{"start":{"line":116,"column":8},"end":{"line":116,"column":19}},{"start":{"line":116,"column":23},"end":{"line":116,"column":35}}],"line":116},"14":{"loc":{"start":{"line":120,"column":4},"end":{"line":122,"column":null}},"type":"if","locations":[{"start":{"line":120,"column":4},"end":{"line":122,"column":null}},{"start":{},"end":{}}],"line":120},"15":{"loc":{"start":{"line":120,"column":8},"end":{"line":120,"column":31}},"type":"binary-expr","locations":[{"start":{"line":120,"column":8},"end":{"line":120,"column":17}},{"start":{"line":120,"column":21},"end":{"line":120,"column":31}}],"line":120},"16":{"loc":{"start":{"line":133,"column":2},"end":{"line":135,"column":null}},"type":"if","locations":[{"start":{"line":133,"column":2},"end":{"line":135,"column":null}},{"start":{},"end":{}}],"line":133},"17":{"loc":{"start":{"line":160,"column":2},"end":{"line":162,"column":null}},"type":"if","locations":[{"start":{"line":160,"column":2},"end":{"line":162,"column":null}},{"start":{},"end":{}}],"line":160},"18":{"loc":{"start":{"line":171,"column":4},"end":{"line":174,"column":null}},"type":"if","locations":[{"start":{"line":171,"column":4},"end":{"line":174,"column":null}},{"start":{},"end":{}}],"line":171},"19":{"loc":{"start":{"line":178,"column":20},"end":{"line":178,"column":null}},"type":"binary-expr","locations":[{"start":{"line":178,"column":20},"end":{"line":178,"column":38}},{"start":{"line":178,"column":42},"end":{"line":178,"column":null}}],"line":178},"20":{"loc":{"start":{"line":179,"column":21},"end":{"line":179,"column":null}},"type":"binary-expr","locations":[{"start":{"line":179,"column":21},"end":{"line":179,"column":40}},{"start":{"line":179,"column":44},"end":{"line":179,"column":null}}],"line":179},"21":{"loc":{"start":{"line":184,"column":6},"end":{"line":188,"column":null}},"type":"if","locations":[{"start":{"line":184,"column":6},"end":{"line":188,"column":null}},{"start":{"line":186,"column":13},"end":{"line":188,"column":null}}],"line":184},"22":{"loc":{"start":{"line":195,"column":6},"end":{"line":197,"column":null}},"type":"if","locations":[{"start":{"line":195,"column":6},"end":{"line":197,"column":null}},{"start":{},"end":{}}],"line":195},"23":{"loc":{"start":{"line":200,"column":4},"end":{"line":202,"column":null}},"type":"if","locations":[{"start":{"line":200,"column":4},"end":{"line":202,"column":null}},{"start":{},"end":{}}],"line":200},"24":{"loc":{"start":{"line":225,"column":4},"end":{"line":227,"column":null}},"type":"if","locations":[{"start":{"line":225,"column":4},"end":{"line":227,"column":null}},{"start":{},"end":{}}],"line":225},"25":{"loc":{"start":{"line":228,"column":35},"end":{"line":228,"column":null}},"type":"binary-expr","locations":[{"start":{"line":228,"column":35},"end":{"line":228,"column":53}},{"start":{"line":228,"column":57},"end":{"line":228,"column":null}}],"line":228},"26":{"loc":{"start":{"line":229,"column":36},"end":{"line":229,"column":null}},"type":"binary-expr","locations":[{"start":{"line":229,"column":36},"end":{"line":229,"column":55}},{"start":{"line":229,"column":59},"end":{"line":229,"column":null}}],"line":229},"27":{"loc":{"start":{"line":236,"column":4},"end":{"line":236,"column":22}},"type":"if","locations":[{"start":{"line":236,"column":4},"end":{"line":236,"column":22}},{"start":{},"end":{}}],"line":236},"28":{"loc":{"start":{"line":238,"column":17},"end":{"line":238,"column":null}},"type":"binary-expr","locations":[{"start":{"line":238,"column":17},"end":{"line":238,"column":26}},{"start":{"line":238,"column":30},"end":{"line":238,"column":null}}],"line":238},"29":{"loc":{"start":{"line":246,"column":4},"end":{"line":260,"column":null}},"type":"if","locations":[{"start":{"line":246,"column":4},"end":{"line":260,"column":null}},{"start":{"line":253,"column":11},"end":{"line":260,"column":null}}],"line":246},"30":{"loc":{"start":{"line":248,"column":6},"end":{"line":252,"column":null}},"type":"if","locations":[{"start":{"line":248,"column":6},"end":{"line":252,"column":null}},{"start":{"line":250,"column":13},"end":{"line":252,"column":null}}],"line":248},"31":{"loc":{"start":{"line":255,"column":6},"end":{"line":259,"column":null}},"type":"if","locations":[{"start":{"line":255,"column":6},"end":{"line":259,"column":null}},{"start":{"line":257,"column":13},"end":{"line":259,"column":null}}],"line":255},"32":{"loc":{"start":{"line":294,"column":4},"end":{"line":304,"column":null}},"type":"if","locations":[{"start":{"line":294,"column":4},"end":{"line":304,"column":null}},{"start":{"line":298,"column":11},"end":{"line":304,"column":null}}],"line":294},"33":{"loc":{"start":{"line":298,"column":11},"end":{"line":304,"column":null}},"type":"if","locations":[{"start":{"line":298,"column":11},"end":{"line":304,"column":null}},{"start":{"line":301,"column":11},"end":{"line":304,"column":null}}],"line":298},"34":{"loc":{"start":{"line":301,"column":11},"end":{"line":304,"column":null}},"type":"if","locations":[{"start":{"line":301,"column":11},"end":{"line":304,"column":null}},{"start":{},"end":{}}],"line":301},"35":{"loc":{"start":{"line":313,"column":6},"end":{"line":320,"column":null}},"type":"if","locations":[{"start":{"line":313,"column":6},"end":{"line":320,"column":null}},{"start":{},"end":{}}],"line":313},"36":{"loc":{"start":{"line":383,"column":4},"end":{"line":403,"column":null}},"type":"if","locations":[{"start":{"line":383,"column":4},"end":{"line":403,"column":null}},{"start":{"line":387,"column":11},"end":{"line":403,"column":null}}],"line":383},"37":{"loc":{"start":{"line":387,"column":11},"end":{"line":403,"column":null}},"type":"if","locations":[{"start":{"line":387,"column":11},"end":{"line":403,"column":null}},{"start":{"line":390,"column":11},"end":{"line":403,"column":null}}],"line":387},"38":{"loc":{"start":{"line":390,"column":11},"end":{"line":403,"column":null}},"type":"if","locations":[{"start":{"line":390,"column":11},"end":{"line":403,"column":null}},{"start":{"line":393,"column":11},"end":{"line":403,"column":null}}],"line":390},"39":{"loc":{"start":{"line":393,"column":11},"end":{"line":403,"column":null}},"type":"if","locations":[{"start":{"line":393,"column":11},"end":{"line":403,"column":null}},{"start":{},"end":{}}],"line":393},"40":{"loc":{"start":{"line":396,"column":6},"end":{"line":402,"column":null}},"type":"if","locations":[{"start":{"line":396,"column":6},"end":{"line":402,"column":null}},{"start":{"line":399,"column":13},"end":{"line":402,"column":null}}],"line":396},"41":{"loc":{"start":{"line":439,"column":36},"end":{"line":439,"column":60}},"type":"binary-expr","locations":[{"start":{"line":439,"column":36},"end":{"line":439,"column":55}},{"start":{"line":439,"column":59},"end":{"line":439,"column":60}}],"line":439},"42":{"loc":{"start":{"line":442,"column":36},"end":{"line":442,"column":61}},"type":"binary-expr","locations":[{"start":{"line":442,"column":36},"end":{"line":442,"column":56}},{"start":{"line":442,"column":60},"end":{"line":442,"column":61}}],"line":442},"43":{"loc":{"start":{"line":467,"column":20},"end":{"line":467,"column":39}},"type":"binary-expr","locations":[{"start":{"line":467,"column":20},"end":{"line":467,"column":33}},{"start":{"line":467,"column":37},"end":{"line":467,"column":39}}],"line":467},"44":{"loc":{"start":{"line":468,"column":2},"end":{"line":478,"column":null}},"type":"if","locations":[{"start":{"line":468,"column":2},"end":{"line":478,"column":null}},{"start":{},"end":{}}],"line":468},"45":{"loc":{"start":{"line":472,"column":19},"end":{"line":472,"column":39}},"type":"binary-expr","locations":[{"start":{"line":472,"column":19},"end":{"line":472,"column":29}},{"start":{"line":472,"column":33},"end":{"line":472,"column":39}}],"line":472},"46":{"loc":{"start":{"line":487,"column":5},"end":{"line":487,"column":23}},"type":"binary-expr","locations":[{"start":{"line":487,"column":5},"end":{"line":487,"column":17}},{"start":{"line":487,"column":21},"end":{"line":487,"column":23}}],"line":487},"47":{"loc":{"start":{"line":487,"column":47},"end":{"line":487,"column":67}},"type":"binary-expr","locations":[{"start":{"line":487,"column":47},"end":{"line":487,"column":62}},{"start":{"line":487,"column":66},"end":{"line":487,"column":67}}],"line":487},"48":{"loc":{"start":{"line":490,"column":5},"end":{"line":490,"column":23}},"type":"binary-expr","locations":[{"start":{"line":490,"column":5},"end":{"line":490,"column":17}},{"start":{"line":490,"column":21},"end":{"line":490,"column":23}}],"line":490},"49":{"loc":{"start":{"line":490,"column":47},"end":{"line":490,"column":68}},"type":"binary-expr","locations":[{"start":{"line":490,"column":47},"end":{"line":490,"column":63}},{"start":{"line":490,"column":67},"end":{"line":490,"column":68}}],"line":490},"50":{"loc":{"start":{"line":498,"column":2},"end":{"line":502,"column":null}},"type":"if","locations":[{"start":{"line":498,"column":2},"end":{"line":502,"column":null}},{"start":{"line":500,"column":9},"end":{"line":502,"column":null}}],"line":498},"51":{"loc":{"start":{"line":506,"column":17},"end":{"line":506,"column":37}},"type":"binary-expr","locations":[{"start":{"line":506,"column":17},"end":{"line":506,"column":27}},{"start":{"line":506,"column":31},"end":{"line":506,"column":37}}],"line":506},"52":{"loc":{"start":{"line":526,"column":20},"end":{"line":526,"column":39}},"type":"binary-expr","locations":[{"start":{"line":526,"column":20},"end":{"line":526,"column":33}},{"start":{"line":526,"column":37},"end":{"line":526,"column":39}}],"line":526},"53":{"loc":{"start":{"line":527,"column":2},"end":{"line":527,"column":null}},"type":"if","locations":[{"start":{"line":527,"column":2},"end":{"line":527,"column":null}},{"start":{},"end":{}}],"line":527},"54":{"loc":{"start":{"line":535,"column":2},"end":{"line":535,"column":null}},"type":"if","locations":[{"start":{"line":535,"column":2},"end":{"line":535,"column":null}},{"start":{},"end":{}}],"line":535},"55":{"loc":{"start":{"line":535,"column":6},"end":{"line":535,"column":40}},"type":"binary-expr","locations":[{"start":{"line":535,"column":6},"end":{"line":535,"column":15}},{"start":{"line":535,"column":19},"end":{"line":535,"column":40}}],"line":535},"56":{"loc":{"start":{"line":541,"column":4},"end":{"line":548,"column":null}},"type":"if","locations":[{"start":{"line":541,"column":4},"end":{"line":548,"column":null}},{"start":{},"end":{}}],"line":541},"57":{"loc":{"start":{"line":544,"column":21},"end":{"line":544,"column":100}},"type":"binary-expr","locations":[{"start":{"line":544,"column":21},"end":{"line":544,"column":38}},{"start":{"line":544,"column":42},"end":{"line":544,"column":92}},{"start":{"line":544,"column":96},"end":{"line":544,"column":100}}],"line":544},"58":{"loc":{"start":{"line":549,"column":35},"end":{"line":549,"column":null}},"type":"binary-expr","locations":[{"start":{"line":549,"column":35},"end":{"line":549,"column":53}},{"start":{"line":549,"column":57},"end":{"line":549,"column":null}}],"line":549},"59":{"loc":{"start":{"line":550,"column":36},"end":{"line":550,"column":null}},"type":"binary-expr","locations":[{"start":{"line":550,"column":36},"end":{"line":550,"column":55}},{"start":{"line":550,"column":59},"end":{"line":550,"column":null}}],"line":550},"60":{"loc":{"start":{"line":560,"column":4},"end":{"line":564,"column":null}},"type":"if","locations":[{"start":{"line":560,"column":4},"end":{"line":564,"column":null}},{"start":{"line":562,"column":11},"end":{"line":564,"column":null}}],"line":560},"61":{"loc":{"start":{"line":566,"column":4},"end":{"line":566,"column":null}},"type":"if","locations":[{"start":{"line":566,"column":4},"end":{"line":566,"column":null}},{"start":{},"end":{}}],"line":566},"62":{"loc":{"start":{"line":588,"column":4},"end":{"line":588,"column":21}},"type":"default-arg","locations":[{"start":{"line":588,"column":20},"end":{"line":588,"column":21}}],"line":588},"63":{"loc":{"start":{"line":590,"column":4},"end":{"line":590,"column":28}},"type":"default-arg","locations":[{"start":{"line":590,"column":13},"end":{"line":590,"column":28}}],"line":590},"64":{"loc":{"start":{"line":603,"column":2},"end":{"line":603,"column":null}},"type":"if","locations":[{"start":{"line":603,"column":2},"end":{"line":603,"column":null}},{"start":{},"end":{}}],"line":603},"65":{"loc":{"start":{"line":615,"column":2},"end":{"line":690,"column":null}},"type":"switch","locations":[{"start":{"line":617,"column":4},"end":{"line":621,"column":null}},{"start":{"line":624,"column":4},"end":{"line":659,"column":null}},{"start":{"line":662,"column":4},"end":{"line":686,"column":null}},{"start":{"line":688,"column":4},"end":{"line":689,"column":null}}],"line":615},"66":{"loc":{"start":{"line":625,"column":19},"end":{"line":627,"column":31}},"type":"cond-expr","locations":[{"start":{"line":626,"column":10},"end":{"line":626,"column":null}},{"start":{"line":627,"column":10},"end":{"line":627,"column":31}}],"line":625},"67":{"loc":{"start":{"line":632,"column":25},"end":{"line":632,"column":73}},"type":"binary-expr","locations":[{"start":{"line":632,"column":25},"end":{"line":632,"column":44}},{"start":{"line":632,"column":48},"end":{"line":632,"column":73}}],"line":632},"68":{"loc":{"start":{"line":633,"column":33},"end":{"line":635,"column":null}},"type":"cond-expr","locations":[{"start":{"line":634,"column":12},"end":{"line":634,"column":null}},{"start":{"line":635,"column":12},"end":{"line":635,"column":null}}],"line":633},"69":{"loc":{"start":{"line":637,"column":8},"end":{"line":637,"column":null}},"type":"if","locations":[{"start":{"line":637,"column":8},"end":{"line":637,"column":null}},{"start":{},"end":{}}],"line":637},"70":{"loc":{"start":{"line":642,"column":8},"end":{"line":644,"column":null}},"type":"if","locations":[{"start":{"line":642,"column":8},"end":{"line":644,"column":null}},{"start":{},"end":{}}],"line":642},"71":{"loc":{"start":{"line":647,"column":8},"end":{"line":649,"column":null}},"type":"if","locations":[{"start":{"line":647,"column":8},"end":{"line":649,"column":null}},{"start":{},"end":{}}],"line":647},"72":{"loc":{"start":{"line":653,"column":6},"end":{"line":655,"column":null}},"type":"if","locations":[{"start":{"line":653,"column":6},"end":{"line":655,"column":null}},{"start":{},"end":{}}],"line":653},"73":{"loc":{"start":{"line":666,"column":25},"end":{"line":666,"column":73}},"type":"binary-expr","locations":[{"start":{"line":666,"column":25},"end":{"line":666,"column":44}},{"start":{"line":666,"column":48},"end":{"line":666,"column":73}}],"line":666},"74":{"loc":{"start":{"line":671,"column":33},"end":{"line":673,"column":null}},"type":"cond-expr","locations":[{"start":{"line":672,"column":12},"end":{"line":672,"column":null}},{"start":{"line":673,"column":12},"end":{"line":673,"column":null}}],"line":671},"75":{"loc":{"start":{"line":675,"column":8},"end":{"line":675,"column":null}},"type":"if","locations":[{"start":{"line":675,"column":8},"end":{"line":675,"column":null}},{"start":{},"end":{}}],"line":675},"76":{"loc":{"start":{"line":677,"column":8},"end":{"line":679,"column":null}},"type":"if","locations":[{"start":{"line":677,"column":8},"end":{"line":679,"column":null}},{"start":{},"end":{}}],"line":677},"77":{"loc":{"start":{"line":693,"column":2},"end":{"line":695,"column":null}},"type":"if","locations":[{"start":{"line":693,"column":2},"end":{"line":695,"column":null}},{"start":{},"end":{}}],"line":693},"78":{"loc":{"start":{"line":721,"column":2},"end":{"line":723,"column":null}},"type":"if","locations":[{"start":{"line":721,"column":2},"end":{"line":723,"column":null}},{"start":{},"end":{}}],"line":721},"79":{"loc":{"start":{"line":724,"column":2},"end":{"line":726,"column":null}},"type":"if","locations":[{"start":{"line":724,"column":2},"end":{"line":726,"column":null}},{"start":{},"end":{}}],"line":724},"80":{"loc":{"start":{"line":733,"column":18},"end":{"line":733,"column":null}},"type":"binary-expr","locations":[{"start":{"line":733,"column":18},"end":{"line":733,"column":33}},{"start":{"line":733,"column":37},"end":{"line":733,"column":null}}],"line":733},"81":{"loc":{"start":{"line":734,"column":19},"end":{"line":734,"column":null}},"type":"binary-expr","locations":[{"start":{"line":734,"column":19},"end":{"line":734,"column":35}},{"start":{"line":734,"column":39},"end":{"line":734,"column":null}}],"line":734},"82":{"loc":{"start":{"line":737,"column":2},"end":{"line":739,"column":null}},"type":"if","locations":[{"start":{"line":737,"column":2},"end":{"line":739,"column":null}},{"start":{},"end":{}}],"line":737},"83":{"loc":{"start":{"line":750,"column":4},"end":{"line":750,"column":null}},"type":"if","locations":[{"start":{"line":750,"column":4},"end":{"line":750,"column":null}},{"start":{},"end":{}}],"line":750},"84":{"loc":{"start":{"line":763,"column":30},"end":{"line":763,"column":80}},"type":"cond-expr","locations":[{"start":{"line":763,"column":52},"end":{"line":763,"column":60}},{"start":{"line":763,"column":63},"end":{"line":763,"column":80}}],"line":763},"85":{"loc":{"start":{"line":773,"column":17},"end":{"line":773,"column":null}},"type":"binary-expr","locations":[{"start":{"line":773,"column":17},"end":{"line":773,"column":25}},{"start":{"line":773,"column":29},"end":{"line":773,"column":null}}],"line":773},"86":{"loc":{"start":{"line":785,"column":44},"end":{"line":785,"column":94}},"type":"cond-expr","locations":[{"start":{"line":785,"column":66},"end":{"line":785,"column":74}},{"start":{"line":785,"column":77},"end":{"line":785,"column":94}}],"line":785}},"s":{"0":6,"1":12,"2":2,"3":10,"4":10,"5":3,"6":1,"7":1,"8":3,"9":0,"10":1,"11":0,"12":1,"13":21,"14":21,"15":1,"16":1,"17":20,"18":1,"19":20,"20":20,"21":20,"22":49,"23":49,"24":0,"25":49,"26":0,"27":49,"28":49,"29":49,"30":0,"31":49,"32":0,"33":49,"34":2,"35":49,"36":1,"37":49,"38":49,"39":20,"40":20,"41":20,"42":20,"43":3,"44":20,"45":4,"46":4,"47":4,"48":1,"49":3,"50":3,"51":3,"52":1,"53":1,"54":2,"55":4,"56":4,"57":4,"58":4,"59":4,"60":2,"61":2,"62":4,"63":4,"64":2,"65":2,"66":1,"67":1,"68":0,"69":0,"70":4,"71":4,"72":16,"73":16,"74":13,"75":16,"76":16,"77":4,"78":4,"79":14,"80":14,"81":1,"82":13,"83":14,"84":14,"85":14,"86":14,"87":14,"88":9,"89":9,"90":8,"91":1,"92":4,"93":4,"94":4,"95":0,"96":13,"97":4,"98":9,"99":4,"100":3,"101":3,"102":3,"103":3,"104":8,"105":8,"106":8,"107":3,"108":3,"109":5,"110":2,"111":2,"112":3,"113":2,"114":2,"115":3,"116":9,"117":9,"118":42,"119":34,"120":42,"121":7,"122":7,"123":7,"124":9,"125":3,"126":3,"127":3,"128":3,"129":3,"130":3,"131":2,"132":3,"133":2,"134":3,"135":3,"136":3,"137":3,"138":3,"139":3,"140":3,"141":3,"142":9,"143":9,"144":2,"145":2,"146":7,"147":2,"148":2,"149":5,"150":1,"151":1,"152":4,"153":2,"154":2,"155":1,"156":1,"157":1,"158":1,"159":3,"160":2,"161":3,"162":2,"163":3,"164":3,"165":1,"166":3,"167":3,"168":1,"169":3,"170":1,"171":3,"172":3,"173":0,"174":0,"175":0,"176":0,"177":0,"178":0,"179":0,"180":0,"181":0,"182":0,"183":0,"184":0,"185":0,"186":0,"187":0,"188":0,"189":0,"190":0,"191":0,"192":0,"193":0,"194":0,"195":0,"196":0,"197":0,"198":0,"199":0,"200":0,"201":0,"202":0,"203":0,"204":0,"205":0,"206":0,"207":0,"208":0,"209":0,"210":0,"211":0,"212":0,"213":0,"214":0,"215":0,"216":0,"217":0,"218":0,"219":0,"220":0,"221":0,"222":0,"223":0,"224":0,"225":0,"226":0,"227":6,"228":6,"229":6,"230":6,"231":6,"232":6,"233":0,"234":6,"235":6,"236":6,"237":6,"238":6,"239":6,"240":3,"241":3,"242":3,"243":1,"244":1,"245":1,"246":1,"247":1,"248":2,"249":2,"250":1,"251":1,"252":1,"253":1,"254":0,"255":1,"256":1,"257":1,"258":1,"259":0,"260":1,"261":1,"262":1,"263":1,"264":1,"265":1,"266":2,"267":2,"268":2,"269":2,"270":2,"271":1,"272":1,"273":0,"274":1,"275":1,"276":1,"277":1,"278":5,"279":0,"280":5,"281":5,"282":0,"283":0,"284":0,"285":0,"286":0,"287":0,"288":0,"289":0,"290":0,"291":0,"292":0,"293":0,"294":0,"295":0,"296":0,"297":0,"298":0,"299":0,"300":0,"301":0,"302":0,"303":0,"304":0,"305":0,"306":0,"307":0,"308":0,"309":0,"310":0,"311":0},"f":{"0":12,"1":21,"2":49,"3":4,"4":4,"5":9,"6":3,"7":9,"8":34,"9":7,"10":3,"11":2,"12":2,"13":3,"14":2,"15":2,"16":1,"17":1,"18":1,"19":0,"20":0,"21":0,"22":0,"23":0,"24":0,"25":0,"26":0,"27":0,"28":0,"29":0,"30":0,"31":6,"32":0,"33":0,"34":0,"35":0,"36":0},"b":{"0":[2,10],"1":[12,10],"2":[3,1,1,3,0,1,0,1],"3":[1,20],"4":[21,21],"5":[1,19],"6":[0,49],"7":[0,49],"8":[49,25],"9":[49,25],"10":[0,49],"11":[0,49],"12":[2,47],"13":[49,25],"14":[1,48],"15":[49,24],"16":[3,17],"17":[1,3],"18":[1,2],"19":[4,2],"20":[4,2],"21":[2,2],"22":[2,2],"23":[1,1],"24":[13,3],"25":[16,8],"26":[16,8],"27":[1,13],"28":[13,0],"29":[9,4],"30":[8,1],"31":[4,0],"32":[3,5],"33":[2,3],"34":[2,1],"35":[7,35],"36":[2,7],"37":[2,5],"38":[1,4],"39":[2,2],"40":[1,1],"41":[0,0],"42":[0,0],"43":[0,0],"44":[0,0],"45":[0,0],"46":[0,0],"47":[0,0],"48":[0,0],"49":[0,0],"50":[0,0],"51":[0,0],"52":[0,0],"53":[0,0],"54":[0,0],"55":[0,0],"56":[0,0],"57":[0,0,0],"58":[0,0],"59":[0,0],"60":[0,0],"61":[0,0],"62":[6],"63":[6],"64":[0,6],"65":[3,1,1,1],"66":[1,0],"67":[1,2],"68":[1,1],"69":[1,1],"70":[0,1],"71":[1,0],"72":[0,1],"73":[1,2],"74":[1,1],"75":[1,1],"76":[0,1],"77":[0,5],"78":[0,0],"79":[0,0],"80":[0,0],"81":[0,0],"82":[0,0],"83":[0,0],"84":[0,0],"85":[0,0],"86":[0,0]},"meta":{"lastBranch":87,"lastFunction":37,"lastStatement":312,"seen":{"s:12:33:53:Infinity":0,"f:62:16:62:30":0,"b:63:2:63:Infinity:undefined:undefined:undefined:undefined":0,"s:63:2:63:Infinity":1,"b:63:6:63:11:63:15:63:39":1,"s:63:41:63:Infinity":2,"s:64:17:64:Infinity":3,"b:66:4:66:Infinity:67:4:67:Infinity:68:4:68:Infinity:69:4:69:Infinity:70:4:70:Infinity:71:4:71:Infinity:72:4:72:Infinity:73:4:73:Infinity":2,"s:65:2:74:Infinity":4,"s:66:14:66:Infinity":5,"s:67:14:67:Infinity":6,"s:68:14:68:Infinity":7,"s:69:14:69:Infinity":8,"s:70:14:70:Infinity":9,"s:71:14:71:Infinity":10,"s:72:14:72:Infinity":11,"s:73:14:73:Infinity":12,"f:84:16:84:36":1,"s:85:17:85:Infinity":13,"b:87:2:90:Infinity:undefined:undefined:undefined:undefined":3,"s:87:2:90:Infinity":14,"b:87:6:87:27:87:31:87:49":4,"s:88:4:88:Infinity":15,"s:89:4:89:Infinity":16,"b:92:2:94:Infinity:undefined:undefined:undefined:undefined":5,"s:92:2:94:Infinity":17,"s:93:4:93:Infinity":18,"s:96:19:96:Infinity":19,"s:97:20:97:Infinity":20,"s:99:2:126:Infinity":21,"f:99:16:99:17":2,"s:100:16:100:Infinity":22,"b:102:4:104:Infinity:undefined:undefined:undefined:undefined":6,"s:102:4:104:Infinity":23,"s:103:6:103:Infinity":24,"b:106:4:108:Infinity:undefined:undefined:undefined:undefined":7,"s:106:4:108:Infinity":25,"s:107:6:107:Infinity":26,"s:110:18:110:Infinity":27,"b:110:18:110:36:110:40:110:Infinity":8,"s:111:19:111:Infinity":28,"b:111:19:111:38:111:42:111:Infinity":9,"b:113:4:113:Infinity:undefined:undefined:undefined:undefined":10,"s:113:4:113:Infinity":29,"s:113:19:113:Infinity":30,"b:114:4:114:Infinity:undefined:undefined:undefined:undefined":11,"s:114:4:114:Infinity":31,"s:114:20:114:Infinity":32,"b:116:4:118:Infinity:undefined:undefined:undefined:undefined":12,"s:116:4:118:Infinity":33,"b:116:8:116:19:116:23:116:35":13,"s:117:6:117:Infinity":34,"b:120:4:122:Infinity:undefined:undefined:undefined:undefined":14,"s:120:4:122:Infinity":35,"b:120:8:120:17:120:21:120:31":15,"s:121:6:121:Infinity":36,"s:124:4:124:Infinity":37,"s:125:4:125:Infinity":38,"s:129:2:129:Infinity":39,"s:130:2:130:Infinity":40,"s:131:21:131:Infinity":41,"b:133:2:135:Infinity:undefined:undefined:undefined:undefined":16,"s:133:2:135:Infinity":42,"s:134:4:134:Infinity":43,"s:137:2:143:Infinity":44,"f:155:22:155:38":3,"s:156:17:156:Infinity":45,"s:159:21:159:Infinity":46,"b:160:2:162:Infinity:undefined:undefined:undefined:undefined":17,"s:160:2:162:Infinity":47,"s:161:4:161:Infinity":48,"s:164:2:208:Infinity":49,"s:166:35:169:Infinity":50,"b:171:4:174:Infinity:undefined:undefined:undefined:undefined":18,"s:171:4:174:Infinity":51,"s:172:6:172:Infinity":52,"s:173:6:173:Infinity":53,"s:177:4:198:Infinity":54,"s:178:20:178:Infinity":55,"b:178:20:178:38:178:42:178:Infinity":19,"s:179:21:179:Infinity":56,"b:179:21:179:40:179:44:179:Infinity":20,"s:180:19:180:Infinity":57,"s:183:26:183:Infinity":58,"b:184:6:188:Infinity:186:13:188:Infinity":21,"s:184:6:188:Infinity":59,"s:185:8:185:Infinity":60,"s:187:8:187:Infinity":61,"s:190:38:193:Infinity":62,"b:195:6:197:Infinity:undefined:undefined:undefined:undefined":22,"s:195:6:197:Infinity":63,"s:196:8:196:Infinity":64,"b:200:4:202:Infinity:undefined:undefined:undefined:undefined":23,"s:200:4:202:Infinity":65,"s:201:6:201:Infinity":66,"s:204:4:204:Infinity":67,"s:206:4:206:Infinity":68,"s:207:4:207:Infinity":69,"f:219:16:219:36":4,"s:221:21:221:Infinity":70,"s:223:2:230:Infinity":71,"s:224:17:224:Infinity":72,"b:225:4:227:Infinity:undefined:undefined:undefined:undefined":24,"s:225:4:227:Infinity":73,"s:226:6:226:Infinity":74,"s:228:4:228:Infinity":75,"b:228:35:228:53:228:57:228:Infinity":25,"s:229:4:229:Infinity":76,"b:229:36:229:55:229:59:229:Infinity":26,"s:232:17:232:Infinity":77,"s:234:2:269:Infinity":78,"s:235:16:235:Infinity":79,"b:236:4:236:22:undefined:undefined:undefined:undefined":27,"s:236:4:236:22":80,"s:236:14:236:22":81,"s:238:17:238:Infinity":82,"b:238:17:238:26:238:30:238:Infinity":28,"s:239:21:239:Infinity":83,"s:240:22:240:Infinity":84,"s:243:24:243:Infinity":85,"s:244:25:244:Infinity":86,"b:246:4:260:Infinity:253:11:260:Infinity":29,"s:246:4:260:Infinity":87,"s:247:18:247:Infinity":88,"b:248:6:252:Infinity:250:13:252:Infinity":30,"s:248:6:252:Infinity":89,"s:249:8:249:Infinity":90,"s:251:8:251:Infinity":91,"s:254:18:254:Infinity":92,"b:255:6:259:Infinity:257:13:259:Infinity":31,"s:255:6:259:Infinity":93,"s:256:8:256:Infinity":94,"s:258:8:258:Infinity":95,"s:262:4:268:Infinity":96,"s:272:2:272:Infinity":97,"f:272:14:272:15":5,"s:272:24:272:68":98,"s:274:2:274:Infinity":99,"f:285:16:285:36":6,"s:286:21:286:Infinity":100,"s:287:25:287:Infinity":101,"s:288:22:288:Infinity":102,"s:290:2:306:Infinity":103,"s:291:20:291:Infinity":104,"s:292:18:292:Infinity":105,"b:294:4:304:Infinity:298:11:304:Infinity":32,"s:294:4:304:Infinity":106,"s:296:6:296:Infinity":107,"s:297:6:297:Infinity":108,"b:298:11:304:Infinity:301:11:304:Infinity":33,"s:298:11:304:Infinity":109,"s:299:6:299:Infinity":110,"s:300:6:300:Infinity":111,"b:301:11:304:Infinity:undefined:undefined:undefined:undefined":34,"s:301:11:304:Infinity":112,"s:302:6:302:Infinity":113,"s:303:6:303:Infinity":114,"s:309:21:323:Infinity":115,"f:309:21:309:22":7,"s:310:19:310:Infinity":116,"s:311:4:321:Infinity":117,"s:312:22:312:Infinity":118,"f:312:35:312:37":8,"s:312:41:312:79":119,"b:313:6:320:Infinity:undefined:undefined:undefined:undefined":35,"s:313:6:320:Infinity":120,"s:314:25:314:Infinity":121,"f:314:51:314:52":9,"s:314:62:314:75":122,"s:315:8:319:Infinity":123,"s:322:4:322:Infinity":124,"s:325:17:332:Infinity":125,"s:334:22:339:Infinity":126,"s:341:17:346:Infinity":127,"s:348:22:348:Infinity":128,"f:348:51:348:52":10,"s:348:62:348:75":129,"s:349:27:349:Infinity":130,"f:349:60:349:61":11,"s:349:71:349:84":131,"s:350:22:350:Infinity":132,"f:350:52:350:53":12,"s:350:63:350:76":133,"s:351:19:351:Infinity":134,"s:353:2:362:Infinity":135,"f:373:16:373:34":13,"s:374:18:374:Infinity":136,"s:375:26:375:Infinity":137,"s:376:28:376:Infinity":138,"s:377:22:377:Infinity":139,"s:378:24:378:Infinity":140,"s:380:2:404:Infinity":141,"s:381:18:381:Infinity":142,"b:383:4:403:Infinity:387:11:403:Infinity":36,"s:383:4:403:Infinity":143,"s:385:6:385:Infinity":144,"s:386:6:386:Infinity":145,"b:387:11:403:Infinity:390:11:403:Infinity":37,"s:387:11:403:Infinity":146,"s:388:6:388:Infinity":147,"s:389:6:389:Infinity":148,"b:390:11:403:Infinity:393:11:403:Infinity":38,"s:390:11:403:Infinity":149,"s:391:6:391:Infinity":150,"s:392:6:392:Infinity":151,"b:393:11:403:Infinity:undefined:undefined:undefined:undefined":39,"s:393:11:403:Infinity":152,"s:395:18:395:Infinity":153,"b:396:6:402:Infinity:399:13:402:Infinity":40,"s:396:6:402:Infinity":154,"s:397:8:397:Infinity":155,"s:398:8:398:Infinity":156,"s:400:8:400:Infinity":157,"s:401:8:401:Infinity":158,"s:406:23:406:Infinity":159,"f:406:49:406:50":14,"s:406:59:406:71":160,"s:407:20:407:Infinity":161,"f:407:54:407:55":15,"s:407:64:407:76":162,"s:408:22:408:Infinity":163,"s:410:20:410:Infinity":164,"f:410:56:410:57":16,"s:410:66:410:78":165,"s:411:26:411:Infinity":166,"s:413:27:413:Infinity":167,"f:413:57:413:58":17,"s:413:67:413:79":168,"s:414:29:414:Infinity":169,"f:414:61:414:62":18,"s:414:71:414:83":170,"s:415:20:415:Infinity":171,"s:417:2:427:Infinity":172,"f:437:16:437:38":19,"s:438:21:440:Infinity":173,"f:439:17:439:18":20,"s:439:29:439:61":174,"b:439:36:439:55:439:59:439:60":41,"s:441:22:443:Infinity":175,"f:442:17:442:18":21,"s:442:29:442:62":176,"b:442:36:442:56:442:60:442:61":42,"s:444:2:448:Infinity":177,"f:460:22:460:39":22,"s:462:34:465:Infinity":178,"s:467:19:467:Infinity":179,"b:467:20:467:33:467:37:467:39":43,"f:467:45:467:46":23,"s:467:50:467:54":180,"b:468:2:478:Infinity:undefined:undefined:undefined:undefined":44,"s:468:2:478:Infinity":181,"s:469:17:469:Infinity":182,"f:469:40:469:41":24,"s:469:45:469:67":183,"s:470:4:477:Infinity":184,"b:472:19:472:29:472:33:472:39":45,"s:480:33:484:Infinity":185,"s:486:21:488:Infinity":186,"b:487:5:487:17:487:21:487:23":46,"f:487:32:487:33":25,"s:487:42:487:68":187,"b:487:47:487:62:487:66:487:67":47,"s:489:22:491:Infinity":188,"b:490:5:490:17:490:21:490:23":48,"f:490:32:490:33":26,"s:490:42:490:69":189,"b:490:47:490:63:490:67:490:68":49,"s:493:15:493:Infinity":190,"s:494:15:494:Infinity":191,"f:494:38:494:39":27,"s:494:43:494:65":192,"b:498:2:502:Infinity:500:9:502:Infinity":50,"s:498:2:502:Infinity":193,"s:499:4:499:Infinity":194,"s:501:4:501:Infinity":195,"s:504:2:511:Infinity":196,"b:506:17:506:27:506:31:506:37":51,"f:519:22:519:40":28,"s:521:34:524:Infinity":197,"s:526:19:526:Infinity":198,"b:526:20:526:33:526:37:526:39":52,"f:526:45:526:46":29,"s:526:50:526:54":199,"b:527:2:527:Infinity:undefined:undefined:undefined:undefined":53,"s:527:2:527:Infinity":200,"s:527:29:527:Infinity":201,"s:530:29:533:Infinity":202,"b:535:2:535:Infinity:undefined:undefined:undefined:undefined":54,"s:535:2:535:Infinity":203,"b:535:6:535:15:535:19:535:40":55,"s:535:42:535:Infinity":204,"s:538:21:538:Infinity":205,"s:539:2:551:Infinity":206,"s:540:17:540:Infinity":207,"b:541:4:548:Infinity:undefined:undefined:undefined:undefined":56,"s:541:4:548:Infinity":208,"s:542:6:547:Infinity":209,"b:544:21:544:38:544:42:544:92:544:96:544:100":57,"s:549:4:549:Infinity":210,"b:549:35:549:53:549:57:549:Infinity":58,"s:550:4:550:Infinity":211,"b:550:36:550:55:550:59:550:Infinity":59,"s:554:18:554:Infinity":212,"s:555:2:568:Infinity":213,"s:556:17:556:Infinity":214,"s:557:4:557:Infinity":215,"s:558:4:558:Infinity":216,"b:560:4:564:Infinity:562:11:564:Infinity":60,"s:560:4:564:Infinity":217,"s:561:6:561:Infinity":218,"s:563:6:563:Infinity":219,"b:566:4:566:Infinity:undefined:undefined:undefined:undefined":61,"s:566:4:566:Infinity":220,"s:566:24:566:Infinity":221,"s:567:4:567:Infinity":222,"s:571:2:573:Infinity":223,"s:572:4:572:Infinity":224,"f:572:23:572:24":30,"s:572:33:572:75":225,"s:575:2:575:Infinity":226,"f:585:16:585:37":31,"s:593:6:593:Infinity":227,"b:588:20:588:21":62,"b:590:13:590:28":63,"s:595:28:595:Infinity":228,"s:596:19:596:Infinity":229,"s:597:18:597:Infinity":230,"s:601:4:602:Infinity":231,"b:603:2:603:Infinity:undefined:undefined:undefined:undefined":64,"s:603:2:603:Infinity":232,"s:603:25:603:Infinity":233,"s:605:22:605:Infinity":234,"s:608:23:608:Infinity":235,"s:610:22:610:Infinity":236,"s:612:29:612:Infinity":237,"s:613:33:613:Infinity":238,"b:617:4:621:Infinity:624:4:659:Infinity:662:4:686:Infinity:688:4:689:Infinity":65,"s:615:2:690:Infinity":239,"s:618:6:618:Infinity":240,"s:619:6:619:Infinity":241,"s:620:6:620:Infinity":242,"s:625:19:627:31":243,"b:626:10:626:Infinity:627:10:627:31":66,"s:629:6:629:Infinity":244,"s:630:27:630:Infinity":245,"s:632:6:650:Infinity":246,"s:632:22:632:23":247,"b:632:25:632:44:632:48:632:73":67,"s:633:33:635:Infinity":248,"b:634:12:634:Infinity:635:12:635:Infinity":68,"b:637:8:637:Infinity:undefined:undefined:undefined:undefined":69,"s:637:8:637:Infinity":249,"s:637:35:637:Infinity":250,"s:639:26:639:Infinity":251,"s:640:27:640:Infinity":252,"b:642:8:644:Infinity:undefined:undefined:undefined:undefined":70,"s:642:8:644:Infinity":253,"s:643:10:643:Infinity":254,"s:646:8:646:Infinity":255,"b:647:8:649:Infinity:undefined:undefined:undefined:undefined":71,"s:647:8:649:Infinity":256,"s:648:10:648:Infinity":257,"b:653:6:655:Infinity:undefined:undefined:undefined:undefined":72,"s:653:6:655:Infinity":258,"s:654:8:654:Infinity":259,"s:657:6:657:Infinity":260,"s:658:6:658:Infinity":261,"s:663:25:663:Infinity":262,"s:664:6:664:Infinity":263,"s:666:6:682:Infinity":264,"s:666:22:666:23":265,"b:666:25:666:44:666:48:666:73":73,"s:667:30:667:Infinity":266,"s:668:26:668:Infinity":267,"s:669:27:669:Infinity":268,"s:671:33:673:Infinity":269,"b:672:12:672:Infinity:673:12:673:Infinity":74,"b:675:8:675:Infinity:undefined:undefined:undefined:undefined":75,"s:675:8:675:Infinity":270,"s:675:35:675:Infinity":271,"b:677:8:679:Infinity:undefined:undefined:undefined:undefined":76,"s:677:8:679:Infinity":272,"s:678:10:678:Infinity":273,"s:681:8:681:Infinity":274,"s:684:6:684:Infinity":275,"s:685:6:685:Infinity":276,"s:689:6:689:Infinity":277,"b:693:2:695:Infinity:undefined:undefined:undefined:undefined":77,"s:693:2:695:Infinity":278,"s:694:4:694:Infinity":279,"s:697:21:697:Infinity":280,"s:699:2:703:Infinity":281,"f:714:15:714:30":32,"s:716:19:719:Infinity":282,"b:721:2:723:Infinity:undefined:undefined:undefined:undefined":78,"s:721:2:723:Infinity":283,"s:722:4:722:Infinity":284,"b:724:2:726:Infinity:undefined:undefined:undefined:undefined":79,"s:724:2:726:Infinity":285,"s:725:4:725:Infinity":286,"s:728:36:731:Infinity":287,"s:733:18:733:Infinity":288,"b:733:18:733:33:733:37:733:Infinity":80,"s:734:19:734:Infinity":289,"b:734:19:734:35:734:39:734:Infinity":81,"s:735:19:735:Infinity":290,"f:735:31:735:32":33,"s:735:36:735:40":291,"b:737:2:739:Infinity:undefined:undefined:undefined:undefined":82,"s:737:2:739:Infinity":292,"s:738:4:738:Infinity":293,"s:742:20:742:Infinity":294,"s:743:17:743:Infinity":295,"s:744:2:751:Infinity":296,"s:744:15:744:16":297,"s:745:18:745:Infinity":298,"s:746:21:749:Infinity":299,"b:750:4:750:Infinity:undefined:undefined:undefined:undefined":83,"s:750:4:750:Infinity":300,"s:750:14:750:Infinity":301,"s:753:2:753:Infinity":302,"f:761:22:761:37":34,"s:762:30:762:Infinity":303,"s:763:2:763:Infinity":304,"b:763:52:763:60:763:63:763:80":84,"f:771:22:771:41":35,"s:772:23:772:Infinity":305,"s:773:17:773:Infinity":306,"b:773:17:773:25:773:29:773:Infinity":85,"s:774:2:774:Infinity":307,"f:783:22:783:40":36,"s:784:30:784:Infinity":308,"s:785:23:785:Infinity":309,"b:785:66:785:74:785:77:785:94":86,"s:786:17:786:Infinity":310,"s:787:2:787:Infinity":311}}}
,"C:\\Users\\TING\\Documents\\Astro8\\AI\\sme-ops\\src\\lib\\aiTemplateEngine.js": {"path":"C:\\Users\\TING\\Documents\\Astro8\\AI\\sme-ops\\src\\lib\\aiTemplateEngine.js","statementMap":{"0":{"start":{"line":14,"column":34},"end":{"line":30,"column":null}},"1":{"start":{"line":35,"column":36},"end":{"line":91,"column":null}},"2":{"start":{"line":96,"column":33},"end":{"line":363,"column":null}},"3":{"start":{"line":371,"column":2},"end":{"line":371,"column":null}},"4":{"start":{"line":371,"column":32},"end":{"line":371,"column":null}},"5":{"start":{"line":372,"column":2},"end":{"line":372,"column":null}},"6":{"start":{"line":377,"column":2},"end":{"line":377,"column":null}},"7":{"start":{"line":377,"column":32},"end":{"line":377,"column":null}},"8":{"start":{"line":378,"column":19},"end":{"line":378,"column":null}},"9":{"start":{"line":378,"column":39},"end":{"line":378,"column":58}},"10":{"start":{"line":379,"column":2},"end":{"line":379,"column":null}},"11":{"start":{"line":384,"column":2},"end":{"line":384,"column":null}},"12":{"start":{"line":384,"column":17},"end":{"line":384,"column":null}},"13":{"start":{"line":385,"column":2},"end":{"line":387,"column":null}},"14":{"start":{"line":386,"column":4},"end":{"line":386,"column":null}},"15":{"start":{"line":392,"column":2},"end":{"line":392,"column":null}},"16":{"start":{"line":392,"column":13},"end":{"line":392,"column":null}},"17":{"start":{"line":393,"column":18},"end":{"line":393,"column":null}},"18":{"start":{"line":394,"column":18},"end":{"line":394,"column":null}},"19":{"start":{"line":395,"column":2},"end":{"line":395,"column":null}},"20":{"start":{"line":422,"column":6},"end":{"line":422,"column":null}},"21":{"start":{"line":424,"column":15},"end":{"line":457,"column":null}},"22":{"start":{"line":460,"column":19},"end":{"line":460,"column":null}},"23":{"start":{"line":461,"column":18},"end":{"line":461,"column":null}},"24":{"start":{"line":462,"column":19},"end":{"line":462,"column":null}},"25":{"start":{"line":463,"column":18},"end":{"line":463,"column":null}},"26":{"start":{"line":464,"column":18},"end":{"line":464,"column":null}},"27":{"start":{"line":465,"column":26},"end":{"line":465,"column":null}},"28":{"start":{"line":466,"column":21},"end":{"line":466,"column":null}},"29":{"start":{"line":467,"column":17},"end":{"line":467,"column":null}},"30":{"start":{"line":470,"column":23},"end":{"line":470,"column":null}},"31":{"start":{"line":471,"column":18},"end":{"line":471,"column":null}},"32":{"start":{"line":474,"column":23},"end":{"line":485,"column":null}},"33":{"start":{"line":486,"column":20},"end":{"line":486,"column":null}},"34":{"start":{"line":489,"column":15},"end":{"line":489,"column":null}},"35":{"start":{"line":492,"column":20},"end":{"line":498,"column":null}},"36":{"start":{"line":499,"column":17},"end":{"line":499,"column":null}},"37":{"start":{"line":502,"column":19},"end":{"line":537,"column":null}},"38":{"start":{"line":539,"column":2},"end":{"line":549,"column":null}},"39":{"start":{"line":570,"column":6},"end":{"line":570,"column":null}},"40":{"start":{"line":572,"column":18},"end":{"line":572,"column":null}},"41":{"start":{"line":575,"column":20},"end":{"line":646,"column":null}},"42":{"start":{"line":648,"column":27},"end":{"line":648,"column":null}},"43":{"start":{"line":649,"column":16},"end":{"line":655,"column":null}},"44":{"start":{"line":658,"column":21},"end":{"line":662,"column":null}},"45":{"start":{"line":665,"column":2},"end":{"line":680,"column":null}},"46":{"start":{"line":666,"column":21},"end":{"line":677,"column":null}},"47":{"start":{"line":678,"column":19},"end":{"line":678,"column":null}},"48":{"start":{"line":679,"column":4},"end":{"line":679,"column":null}},"49":{"start":{"line":679,"column":34},"end":{"line":679,"column":56}},"50":{"start":{"line":683,"column":2},"end":{"line":685,"column":null}},"51":{"start":{"line":684,"column":4},"end":{"line":684,"column":null}},"52":{"start":{"line":684,"column":29},"end":{"line":684,"column":57}},"53":{"start":{"line":687,"column":2},"end":{"line":687,"column":null}},"54":{"start":{"line":699,"column":21},"end":{"line":770,"column":null}},"55":{"start":{"line":772,"column":2},"end":{"line":772,"column":null}},"56":{"start":{"line":785,"column":2},"end":{"line":787,"column":null}},"57":{"start":{"line":786,"column":4},"end":{"line":786,"column":null}},"58":{"start":{"line":789,"column":17},"end":{"line":789,"column":null}},"59":{"start":{"line":790,"column":18},"end":{"line":790,"column":null}},"60":{"start":{"line":792,"column":2},"end":{"line":887,"column":null}},"61":{"start":{"line":795,"column":27},"end":{"line":804,"column":null}},"62":{"start":{"line":805,"column":6},"end":{"line":811,"column":null}},"63":{"start":{"line":806,"column":8},"end":{"line":810,"column":null}},"64":{"start":{"line":807,"column":10},"end":{"line":807,"column":null}},"65":{"start":{"line":808,"column":10},"end":{"line":808,"column":null}},"66":{"start":{"line":809,"column":10},"end":{"line":809,"column":null}},"67":{"start":{"line":813,"column":24},"end":{"line":813,"column":null}},"68":{"start":{"line":814,"column":6},"end":{"line":817,"column":null}},"69":{"start":{"line":815,"column":8},"end":{"line":815,"column":null}},"70":{"start":{"line":816,"column":8},"end":{"line":816,"column":null}},"71":{"start":{"line":818,"column":6},"end":{"line":818,"column":null}},"72":{"start":{"line":818,"column":32},"end":{"line":818,"column":null}},"73":{"start":{"line":819,"column":6},"end":{"line":819,"column":null}},"74":{"start":{"line":824,"column":29},"end":{"line":824,"column":null}},"75":{"start":{"line":825,"column":6},"end":{"line":825,"column":null}},"76":{"start":{"line":826,"column":6},"end":{"line":826,"column":null}},"77":{"start":{"line":827,"column":6},"end":{"line":827,"column":null}},"78":{"start":{"line":828,"column":6},"end":{"line":828,"column":null}},"79":{"start":{"line":829,"column":6},"end":{"line":829,"column":null}},"80":{"start":{"line":834,"column":6},"end":{"line":840,"column":null}},"81":{"start":{"line":841,"column":6},"end":{"line":841,"column":null}},"82":{"start":{"line":842,"column":6},"end":{"line":842,"column":null}},"83":{"start":{"line":843,"column":6},"end":{"line":843,"column":null}},"84":{"start":{"line":844,"column":6},"end":{"line":844,"column":null}},"85":{"start":{"line":845,"column":6},"end":{"line":845,"column":null}},"86":{"start":{"line":850,"column":21},"end":{"line":850,"column":null}},"87":{"start":{"line":851,"column":25},"end":{"line":851,"column":null}},"88":{"start":{"line":851,"column":41},"end":{"line":851,"column":49}},"89":{"start":{"line":852,"column":6},"end":{"line":852,"column":null}},"90":{"start":{"line":853,"column":6},"end":{"line":853,"column":null}},"91":{"start":{"line":854,"column":6},"end":{"line":854,"column":null}},"92":{"start":{"line":855,"column":6},"end":{"line":855,"column":null}},"93":{"start":{"line":856,"column":6},"end":{"line":856,"column":null}},"94":{"start":{"line":861,"column":30},"end":{"line":861,"column":null}},"95":{"start":{"line":862,"column":6},"end":{"line":862,"column":null}},"96":{"start":{"line":863,"column":6},"end":{"line":863,"column":null}},"97":{"start":{"line":864,"column":6},"end":{"line":864,"column":null}},"98":{"start":{"line":865,"column":6},"end":{"line":865,"column":null}},"99":{"start":{"line":866,"column":6},"end":{"line":866,"column":null}},"100":{"start":{"line":871,"column":6},"end":{"line":878,"column":null}},"101":{"start":{"line":879,"column":6},"end":{"line":879,"column":null}},"102":{"start":{"line":880,"column":6},"end":{"line":880,"column":null}},"103":{"start":{"line":881,"column":6},"end":{"line":881,"column":null}},"104":{"start":{"line":882,"column":6},"end":{"line":882,"column":null}},"105":{"start":{"line":886,"column":6},"end":{"line":886,"column":null}},"106":{"start":{"line":889,"column":2},"end":{"line":889,"column":null}},"107":{"start":{"line":901,"column":2},"end":{"line":901,"column":null}},"108":{"start":{"line":901,"column":17},"end":{"line":901,"column":null}},"109":{"start":{"line":903,"column":22},"end":{"line":903,"column":null}},"110":{"start":{"line":906,"column":16},"end":{"line":977,"column":null}},"111":{"start":{"line":980,"column":26},"end":{"line":980,"column":null}},"112":{"start":{"line":981,"column":25},"end":{"line":981,"column":null}},"113":{"start":{"line":983,"column":2},"end":{"line":990,"column":null}},"114":{"start":{"line":984,"column":4},"end":{"line":989,"column":null}},"115":{"start":{"line":992,"column":2},"end":{"line":999,"column":null}},"116":{"start":{"line":993,"column":4},"end":{"line":998,"column":null}},"117":{"start":{"line":1002,"column":2},"end":{"line":1015,"column":null}},"118":{"start":{"line":1003,"column":4},"end":{"line":1014,"column":null}},"119":{"start":{"line":1005,"column":25},"end":{"line":1005,"column":null}},"120":{"start":{"line":1006,"column":6},"end":{"line":1013,"column":null}},"121":{"start":{"line":1007,"column":8},"end":{"line":1012,"column":null}},"122":{"start":{"line":1017,"column":2},"end":{"line":1017,"column":null}},"123":{"start":{"line":1029,"column":2},"end":{"line":1031,"column":null}},"124":{"start":{"line":1030,"column":4},"end":{"line":1030,"column":null}},"125":{"start":{"line":1033,"column":20},"end":{"line":1033,"column":null}},"126":{"start":{"line":1036,"column":18},"end":{"line":1036,"column":null}},"127":{"start":{"line":1037,"column":15},"end":{"line":1037,"column":null}},"128":{"start":{"line":1038,"column":18},"end":{"line":1038,"column":null}},"129":{"start":{"line":1039,"column":19},"end":{"line":1039,"column":null}},"130":{"start":{"line":1043,"column":16},"end":{"line":1043,"column":null}},"131":{"start":{"line":1044,"column":16},"end":{"line":1044,"column":null}},"132":{"start":{"line":1045,"column":21},"end":{"line":1045,"column":null}},"133":{"start":{"line":1046,"column":4},"end":{"line":1064,"column":null}},"134":{"start":{"line":1047,"column":6},"end":{"line":1047,"column":null}},"135":{"start":{"line":1048,"column":6},"end":{"line":1048,"column":null}},"136":{"start":{"line":1049,"column":11},"end":{"line":1064,"column":null}},"137":{"start":{"line":1050,"column":6},"end":{"line":1050,"column":null}},"138":{"start":{"line":1051,"column":6},"end":{"line":1051,"column":null}},"139":{"start":{"line":1052,"column":11},"end":{"line":1064,"column":null}},"140":{"start":{"line":1053,"column":6},"end":{"line":1053,"column":null}},"141":{"start":{"line":1054,"column":6},"end":{"line":1054,"column":null}},"142":{"start":{"line":1055,"column":11},"end":{"line":1064,"column":null}},"143":{"start":{"line":1056,"column":6},"end":{"line":1056,"column":null}},"144":{"start":{"line":1057,"column":6},"end":{"line":1057,"column":null}},"145":{"start":{"line":1058,"column":11},"end":{"line":1064,"column":null}},"146":{"start":{"line":1059,"column":6},"end":{"line":1059,"column":null}},"147":{"start":{"line":1060,"column":6},"end":{"line":1060,"column":null}},"148":{"start":{"line":1062,"column":6},"end":{"line":1062,"column":null}},"149":{"start":{"line":1063,"column":6},"end":{"line":1063,"column":null}},"150":{"start":{"line":1065,"column":4},"end":{"line":1065,"column":null}},"151":{"start":{"line":1070,"column":16},"end":{"line":1070,"column":null}},"152":{"start":{"line":1071,"column":21},"end":{"line":1071,"column":null}},"153":{"start":{"line":1072,"column":4},"end":{"line":1078,"column":null}},"154":{"start":{"line":1073,"column":6},"end":{"line":1073,"column":null}},"155":{"start":{"line":1074,"column":6},"end":{"line":1074,"column":null}},"156":{"start":{"line":1076,"column":6},"end":{"line":1076,"column":null}},"157":{"start":{"line":1077,"column":6},"end":{"line":1077,"column":null}},"158":{"start":{"line":1079,"column":4},"end":{"line":1079,"column":null}},"159":{"start":{"line":1084,"column":26},"end":{"line"
[...]
e":264,"column":null}},"type":"if","locations":[{"start":{"line":257,"column":4},"end":{"line":264,"column":null}},{"start":{},"end":{}}],"line":257},"23":{"loc":{"start":{"line":257,"column":8},"end":{"line":257,"column":57}},"type":"binary-expr","locations":[{"start":{"line":257,"column":8},"end":{"line":257,"column":25}},{"start":{"line":257,"column":29},"end":{"line":257,"column":39}},{"start":{"line":257,"column":43},"end":{"line":257,"column":57}}],"line":257},"24":{"loc":{"start":{"line":259,"column":6},"end":{"line":262,"column":null}},"type":"if","locations":[{"start":{"line":259,"column":6},"end":{"line":262,"column":null}},{"start":{},"end":{}}],"line":259},"25":{"loc":{"start":{"line":259,"column":10},"end":{"line":259,"column":63}},"type":"binary-expr","locations":[{"start":{"line":259,"column":10},"end":{"line":259,"column":41}},{"start":{"line":259,"column":45},"end":{"line":259,"column":63}}],"line":259},"26":{"loc":{"start":{"line":266,"column":4},"end":{"line":268,"column":null}},"type":"if","locations":[{"start":{"line":266,"column":4},"end":{"line":268,"column":null}},{"start":{},"end":{}}],"line":266},"27":{"loc":{"start":{"line":266,"column":8},"end":{"line":266,"column":39}},"type":"binary-expr","locations":[{"start":{"line":266,"column":8},"end":{"line":266,"column":25}},{"start":{"line":266,"column":29},"end":{"line":266,"column":39}}],"line":266},"28":{"loc":{"start":{"line":284,"column":4},"end":{"line":286,"column":null}},"type":"if","locations":[{"start":{"line":284,"column":4},"end":{"line":286,"column":null}},{"start":{},"end":{}}],"line":284},"29":{"loc":{"start":{"line":287,"column":4},"end":{"line":289,"column":null}},"type":"if","locations":[{"start":{"line":287,"column":4},"end":{"line":289,"column":null}},{"start":{},"end":{}}],"line":287},"30":{"loc":{"start":{"line":305,"column":21},"end":{"line":305,"column":38}},"type":"binary-expr","locations":[{"start":{"line":305,"column":21},"end":{"line":305,"column":32}},{"start":{"line":305,"column":36},"end":{"line":305,"column":38}}],"line":305},"31":{"loc":{"start":{"line":308,"column":4},"end":{"line":311,"column":null}},"type":"if","locations":[{"start":{"line":308,"column":4},"end":{"line":311,"column":null}},{"start":{},"end":{}}],"line":308},"32":{"loc":{"start":{"line":314,"column":9},"end":{"line":314,"column":null}},"type":"cond-expr","locations":[{"start":{"line":314,"column":26},"end":{"line":314,"column":35}},{"start":{"line":314,"column":38},"end":{"line":314,"column":null}}],"line":314},"33":{"loc":{"start":{"line":329,"column":14},"end":{"line":329,"column":25}},"type":"default-arg","locations":[{"start":{"line":329,"column":23},"end":{"line":329,"column":25}}],"line":329},"34":{"loc":{"start":{"line":341,"column":26},"end":{"line":341,"column":37}},"type":"default-arg","locations":[{"start":{"line":341,"column":35},"end":{"line":341,"column":37}}],"line":341},"35":{"loc":{"start":{"line":344,"column":6},"end":{"line":344,"column":null}},"type":"if","locations":[{"start":{"line":344,"column":6},"end":{"line":344,"column":null}},{"start":{},"end":{}}],"line":344},"36":{"loc":{"start":{"line":344,"column":10},"end":{"line":344,"column":37}},"type":"binary-expr","locations":[{"start":{"line":344,"column":10},"end":{"line":344,"column":25}},{"start":{"line":344,"column":29},"end":{"line":344,"column":37}}],"line":344},"37":{"loc":{"start":{"line":348,"column":4},"end":{"line":351,"column":null}},"type":"if","locations":[{"start":{"line":348,"column":4},"end":{"line":351,"column":null}},{"start":{},"end":{}}],"line":348},"38":{"loc":{"start":{"line":357,"column":22},"end":{"line":357,"column":33}},"type":"default-arg","locations":[{"start":{"line":357,"column":31},"end":{"line":357,"column":33}}],"line":357},"39":{"loc":{"start":{"line":359,"column":12},"end":{"line":359,"column":30}},"type":"binary-expr","locations":[{"start":{"line":359,"column":12},"end":{"line":359,"column":22}},{"start":{"line":359,"column":26},"end":{"line":359,"column":30}}],"line":359},"40":{"loc":{"start":{"line":362,"column":23},"end":{"line":362,"column":34}},"type":"default-arg","locations":[{"start":{"line":362,"column":32},"end":{"line":362,"column":34}}],"line":362},"41":{"loc":{"start":{"line":364,"column":12},"end":{"line":364,"column":30}},"type":"binary-expr","locations":[{"start":{"line":364,"column":12},"end":{"line":364,"column":22}},{"start":{"line":364,"column":26},"end":{"line":364,"column":30}}],"line":364},"42":{"loc":{"start":{"line":367,"column":23},"end":{"line":367,"column":34}},"type":"default-arg","locations":[{"start":{"line":367,"column":32},"end":{"line":367,"column":34}}],"line":367},"43":{"loc":{"start":{"line":369,"column":12},"end":{"line":369,"column":30}},"type":"binary-expr","locations":[{"start":{"line":369,"column":12},"end":{"line":369,"column":22}},{"start":{"line":369,"column":26},"end":{"line":369,"column":30}}],"line":369},"44":{"loc":{"start":{"line":372,"column":19},"end":{"line":372,"column":30}},"type":"default-arg","locations":[{"start":{"line":372,"column":28},"end":{"line":372,"column":30}}],"line":372},"45":{"loc":{"start":{"line":378,"column":12},"end":{"line":378,"column":30}},"type":"binary-expr","locations":[{"start":{"line":378,"column":12},"end":{"line":378,"column":22}},{"start":{"line":378,"column":26},"end":{"line":378,"column":30}}],"line":378},"46":{"loc":{"start":{"line":381,"column":23},"end":{"line":381,"column":34}},"type":"default-arg","locations":[{"start":{"line":381,"column":32},"end":{"line":381,"column":34}}],"line":381},"47":{"loc":{"start":{"line":383,"column":12},"end":{"line":383,"column":30}},"type":"binary-expr","locations":[{"start":{"line":383,"column":12},"end":{"line":383,"column":22}},{"start":{"line":383,"column":26},"end":{"line":383,"column":30}}],"line":383},"48":{"loc":{"start":{"line":386,"column":28},"end":{"line":386,"column":39}},"type":"default-arg","locations":[{"start":{"line":386,"column":37},"end":{"line":386,"column":39}}],"line":386},"49":{"loc":{"start":{"line":392,"column":12},"end":{"line":392,"column":30}},"type":"binary-expr","locations":[{"start":{"line":392,"column":12},"end":{"line":392,"column":22}},{"start":{"line":392,"column":26},"end":{"line":392,"column":30}}],"line":392},"50":{"loc":{"start":{"line":399,"column":34},"end":{"line":399,"column":74}},"type":"binary-expr","locations":[{"start":{"line":399,"column":34},"end":{"line":399,"column":43}},{"start":{"line":399,"column":47},"end":{"line":399,"column":64}},{"start":{"line":399,"column":68},"end":{"line":399,"column":74}}],"line":399},"51":{"loc":{"start":{"line":413,"column":2},"end":{"line":413,"column":null}},"type":"if","locations":[{"start":{"line":413,"column":2},"end":{"line":413,"column":null}},{"start":{},"end":{}}],"line":413},"52":{"loc":{"start":{"line":421,"column":50},"end":{"line":421,"column":67}},"type":"binary-expr","locations":[{"start":{"line":421,"column":50},"end":{"line":421,"column":61}},{"start":{"line":421,"column":65},"end":{"line":421,"column":67}}],"line":421},"53":{"loc":{"start":{"line":422,"column":4},"end":{"line":422,"column":null}},"type":"if","locations":[{"start":{"line":422,"column":4},"end":{"line":422,"column":null}},{"start":{},"end":{}}],"line":422},"54":{"loc":{"start":{"line":427,"column":4},"end":{"line":431,"column":null}},"type":"if","locations":[{"start":{"line":427,"column":4},"end":{"line":431,"column":null}},{"start":{},"end":{}}],"line":427},"55":{"loc":{"start":{"line":429,"column":6},"end":{"line":429,"column":null}},"type":"if","locations":[{"start":{"line":429,"column":6},"end":{"line":429,"column":null}},{"start":{},"end":{}}],"line":429},"56":{"loc":{"start":{"line":429,"column":10},"end":{"line":429,"column":49}},"type":"binary-expr","locations":[{"start":{"line":429,"column":10},"end":{"line":429,"column":19}},{"start":{"line":429,"column":23},"end":{"line":429,"column":31}},{"start":{"line":429,"column":35},"end":{"line":429,"column":49}}],"line":429},"57":{"loc":{"start":{"line":452,"column":47},"end":{"line":452,"column":70}},"type":"binary-expr","locations":[{"start":{"line":452,"column":47},"end":{"line":452,"column":54}},{"start":{"line":452,"column":58},"end":{"line":452,"column":70}}],"line":452},"58":{"loc":{"start":{"line":453,"column":4},"end":{"line":457,"column":null}},"type":"if","locations":[{"start":{"line":453,"column":4},"end":{"line":457,"column":null}},{"start":{"line":455,"column":11},"end":{"line":457,"column":null}}],"line":453},"59":{"loc":{"start":{"line":470,"column":56},"end":{"line":470,"column":73}},"type":"binary-expr","locations":[{"start":{"line":470,"column":56},"end":{"line":470,"column":67}},{"start":{"line":470,"column":71},"end":{"line":470,"column":73}}],"line":470},"60":{"loc":{"start":{"line":475,"column":23},"end":{"line":475,"column":42}},"type":"binary-expr","locations":[{"start":{"line":475,"column":23},"end":{"line":475,"column":36}},{"start":{"line":475,"column":40},"end":{"line":475,"column":42}}],"line":475},"61":{"loc":{"start":{"line":476,"column":4},"end":{"line":480,"column":null}},"type":"if","locations":[{"start":{"line":476,"column":4},"end":{"line":480,"column":null}},{"start":{"line":478,"column":11},"end":{"line":480,"column":null}}],"line":476},"62":{"loc":{"start":{"line":476,"column":8},"end":{"line":476,"column":36}},"type":"binary-expr","locations":[{"start":{"line":476,"column":8},"end":{"line":476,"column":11}},{"start":{"line":476,"column":15},"end":{"line":476,"column":36}}],"line":476}},"s":{"0":0,"1":0,"2":0,"3":0,"4":0,"5":0,"6":0,"7":0,"8":0,"9":0,"10":0,"11":0,"12":0,"13":0,"14":0,"15":0,"16":0,"17":0,"18":0,"19":0,"20":0,"21":0,"22":0,"23":0,"24":0,"25":0,"26":0,"27":0,"28":0,"29":0,"30":0,"31":0,"32":0,"33":0,"34":0,"35":0,"36":0,"37":0,"38":0,"39":0,"40":0,"41":0,"42":0,"43":0,"44":0,"45":0,"46":0,"47":0,"48":0,"49":0,"50":0,"51":0,"52":0,"53":0,"54":0,"55":0,"56":0,"57":0,"58":0,"59":0,"60":0,"61":0,"62":0,"63":0,"64":0,"65":0,"66":0,"67":0,"68":0,"69":0,"70":0,"71":0,"72":0,"73":0,"74":0,"75":0,"76":0,"77":0,"78":0,"79":0,"80":0,"81":0,"82":0,"83":0,"84":0,"85":0,"86":0,"87":0,"88":0,"89":0,"90":0,"91":0,"92":0,"93":0,"94":0,"95":0,"96":0,"97":0,"98":0,"99":0,"100":0,"101":0,"102":0,"103":0,"104":0,"105":0,"106":0,"107":0,"108":0,"109":0,"110":0,"111":0,"112":0,"113":0,"114":0,"115":0,"116":0,"117":0,"118":0,"119":0,"120":0,"121":0,"122":0,"123":0,"124":0,"125":0,"126":0,"127":0,"128":0,"129":0,"130":0,"131":0,"132":0,"133":0,"134":0,"135":0,"136":0,"137":0,"138":0,"139":0,"140":0,"141":0,"142":0,"143":0,"144":0,"145":0,"146":0,"147":0,"148":0,"149":0,"150":0,"151":0,"152":0,"153":0,"154":0,"155":0,"156":0,"157":0,"158":0,"159":0,"160":0,"161":0,"162":0,"163":0,"164":0,"165":0,"166":0,"167":0,"168":0,"169":0,"170":0,"171":0,"172":0,"173":0,"174":0,"175":0},"f":{"0":0,"1":0,"2":0,"3":0,"4":0,"5":0,"6":0,"7":0,"8":0,"9":0,"10":0,"11":0,"12":0,"13":0,"14":0,"15":0,"16":0,"17":0,"18":0,"19":0,"20":0,"21":0,"22":0,"23":0,"24":0,"25":0,"26":0,"27":0,"28":0,"29":0,"30":0,"31":0,"32":0,"33":0,"34":0,"35":0,"36":0,"37":0},"b":{"0":[0,0],"1":[0,0],"2":[0,0],"3":[0,0],"4":[0,0,0,0],"5":[0,0],"6":[0,0],"7":[0,0],"8":[0,0],"9":[0,0],"10":[0,0],"11":[0,0],"12":[0,0],"13":[0,0],"14":[0,0],"15":[0,0],"16":[0,0],"17":[0,0],"18":[0,0],"19":[0,0,0],"20":[0,0],"21":[0,0,0],"22":[0,0],"23":[0,0,0],"24":[0,0],"25":[0,0],"26":[0,0],"27":[0,0],"28":[0,0],"29":[0,0],"30":[0,0],"31":[0,0],"32":[0,0],"33":[0],"34":[0],"35":[0,0],"36":[0,0],"37":[0,0],"38":[0],"39":[0,0],"40":[0],"41":[0,0],"42":[0],"43":[0,0],"44":[0],"45":[0,0],"46":[0],"47":[0,0],"48":[0],"49":[0,0],"50":[0,0,0],"51":[0,0],"52":[0,0],"53":[0,0],"54":[0,0],"55":[0,0],"56":[0,0,0],"57":[0,0],"58":[0,0],"59":[0,0],"60":[0,0],"61":[0,0],"62":[0,0]},"meta":{"lastBranch":63,"lastFunction":38,"lastStatement":176,"seen":{"f:18:16:18:24":0,"s:20:16:20:Infinity":0,"s:21:16:21:Infinity":1,"s:22:16:22:Infinity":2,"s:23:17:23:Infinity":3,"s:25:2:41:Infinity":4,"s:25:15:25:16":5,"s:26:15:26:Infinity":6,"b:27:4:40:Infinity:34:11:40:Infinity":0,"s:27:4:40:Infinity":7,"b:28:6:33:Infinity:31:13:33:Infinity":1,"s:28:6:33:Infinity":8,"b:28:10:28:18:28:22:28:42":2,"s:29:8:29:Infinity":9,"s:30:8:30:Infinity":10,"s:32:8:32:Infinity":11,"b:34:11:40:Infinity:38:11:40:Infinity":3,"s:34:11:40:Infinity":12,"b:34:16:34:27:34:32:34:43:34:47:34:68:34:74:34:83":4,"s:35:6:35:Infinity":13,"s:36:6:36:Infinity":14,"b:37:6:37:Infinity:undefined:undefined:undefined:undefined":5,"s:37:6:37:Infinity":15,"s:37:23:37:Infinity":16,"s:39:6:39:Infinity":17,"b:42:2:42:Infinity:undefined:undefined:undefined:undefined":6,"s:42:2:42:Infinity":18,"s:42:22:42:Infinity":19,"b:44:2:44:Infinity:undefined:undefined:undefined:undefined":7,"s:44:2:44:Infinity":20,"s:44:24:44:Infinity":21,"s:46:18:46:Infinity":22,"s:47:15:52:Infinity":23,"f:47:37:47:38":1,"s:47:42:47:50":24,"f:47:56:47:60":2,"s:48:17:48:Infinity":25,"s:49:16:49:Infinity":26,"s:50:4:50:Infinity":27,"f:50:20:50:21":3,"s:50:32:50:70":28,"b:50:49:50:56:50:60:50:62":8,"s:51:4:51:Infinity":29,"s:53:2:53:Infinity":30,"f:56:9:56:21":4,"s:57:17:57:Infinity":31,"s:58:16:58:Infinity":32,"s:59:17:59:Infinity":33,"s:60:2:64:Infinity":34,"b:61:4:63:Infinity:62:9:63:Infinity":9,"s:61:4:63:Infinity":35,"s:61:22:61:42":36,"b:62:9:63:Infinity:63:9:63:Infinity":10,"s:62:9:63:Infinity":37,"b:62:13:62:23:62:27:62:36":11,"s:62:40:62:61":38,"s:62:62:62:74":39,"s:63:11:63:24":40,"s:65:2:65:Infinity":41,"s:66:2:66:Infinity":42,"s:75:26:205:Infinity":43,"f:91:43:91:44":5,"s:91:48:91:82":44,"b:91:61:91:71:91:74:91:82":12,"f:209:9:209:18":6,"b:210:2:210:Infinity:undefined:undefined:undefined:undefined":13,"s:210:2:210:Infinity":45,"s:210:10:210:Infinity":46,"s:212:19:212:Infinity":47,"b:213:2:218:Infinity:undefined:undefined:undefined:undefined":14,"s:213:2:218:Infinity":48,"s:214:17:214:Infinity":49,"s:215:18:215:Infinity":50,"s:216:16:216:Infinity":51,"s:217:4:217:Infinity":52,"s:220:12:220:Infinity":53,"b:221:2:221:Infinity:undefined:undefined:undefined:undefined":15,"s:221:2:221:Infinity":54,"s:221:27:221:Infinity":55,"s:222:2:222:Infinity":56,"f:231:16:231:22":7,"s:232:14:232:Infinity":57,"b:233:2:233:Infinity:undefined:undefined:undefined:undefined":16,"s:233:2:233:Infinity":58,"s:233:12:233:Infinity":59,"s:235:17:235:Infinity":60,"s:236:19:236:Infinity":61,"s:239:19:239:Infinity":62,"s:240:2:243:Infinity":63,"s:241:22:241:Infinity":64,"b:241:22:241:40:241:44:241:Infinity":17,"s:242:4:242:Infinity":65,"s:245:2:269:Infinity":66,"s:246:14:246:Infinity":67,"b:248:4:250:Infinity:undefined:undefined:undefined:undefined":18,"s:248:4:250:Infinity":68,"b:248:9:248:26:248:30:248:40:248:45:248:71":19,"s:249:6:249:Infinity":69,"b:252:4:255:Infinity:undefined:undefined:undefined:undefined":20,"s:252:4:255:Infinity":70,"b:252:9:252:26:252:30:252:40:252:45:252:58":21,"s:253:6:253:Infinity":71,"s:254:6:254:Infinity":72,"b:257:4:264:Infinity:undefined:undefined:undefined:undefined":22,"s:257:4:264:Infinity":73,"b:257:8:257:25:257:29:257:39:257:43:257:57":23,"s:258:26:258:Infinity":74,"b:259:6:262:Infinity:undefined:undefined:undefined:undefined":24,"s:259:6:262:Infinity":75,"b:259:10:259:41:259:45:259:63":25,"s:260:8:260:Infinity":76,"s:261:8:261:Infinity":77,"s:263:6:263:Infinity":78,"b:266:4:268:Infinity:undefined:undefined:undefined:undefined":26,"s:266:4:268:Infinity":79,"b:266:8:266:25:266:29:266:39":27,"s:267:6:267:Infinity":80,"s:271:2:271:Infinity":81,"f:278:16:278:22":8,"s:279:18:279:Infinity":82,"s:280:17:280:Infinity":83,"s:282:2:290:Infinity":84,"f:282:15:282:16":9,"s:283:33:283:Infinity":85,"b:284:4:286:Infinity:undefined:undefined:undefined:undefined":28,"s:284:4:286:Infinity":86,"s:285:6:285:43":87,"b:287:4:289:Infinity:undefined:undefined:undefined:undefined":29,"s:287:4:289:Infinity":88,"s:288:6:288:Infinity":89,"s:292:2:292:Infinity":90,"f:298:16:298:28":10,"s:299:18:299:Infinity":91,"s:300:18:300:Infinity":92,"s:302:2:312:Infinity":93,"s:303:23:306:Infinity":94,"b:305:21:305:32:305:36:305:38":30,"s:307:18:307:Infinity":95,"f:307:33:307:34":11,"s:307:38:307:62":96,"b:308:4:311:Infinity:undefined:undefined:undefined:undefined":31,"s:308:4:311:Infinity":97,"s:309:6:309:Infinity":98,"s:310:6:310:Infinity":99,"s:314:2:314:Infinity":100,"b:314:26:314:35:314:38:314:Infinity":32,"s:319:27:323:Infinity":101,"f:329:2:329:13":12,"b:329:23:329:25":33,"s:330:4:330:Infinity":102,"f:333:6:333:13":13,"s:334:4:338:Infinity":103,"f:341:8:341:15":14,"b:341:35:341:37":34,"s:342:16:342:Infinity":104,"s:343:4:345:Infinity":105,"f:343:35:343:36":15,"b:344:6:344:Infinity:undefined:undefined:undefined:undefined":35,"s:344:6:344:Infinity":106,"b:344:10:344:25:344:29:344:37":36,"s:344:39:344:Infinity":107,"s:347:16:347:Infinity":108,"b:348:4:351:Infinity:undefined:undefined:undefined:undefined":37,"s:348:4:351:Infinity":109,"s:349:19:349:Infinity":110,"s:350:6:350:Infinity":111,"s:352:4:352:Infinity":112,"f:357:8:357:21":16,"b:357:31:357:33":38,"s:358:17:358:Infinity":113,"s:359:4:359:Infinity":114,"b:359:12:359:22:359:26:359:30":39,"f:359:36:359:40":17,"s:359:44:359:74":115,"f:362:8:362:22":18,"b:362:32:362:34":40,"s:363:17:363:Infinity":116,"s:364:4:364:Infinity":117,"b:364:12:364:22:364:26:364:30":41,"f:364:36:364:40":19,"s:364:44:364:75":118,"f:367:8:367:22":20,"b:367:32:367:34":42,"s:368:17:368:Infinity":119,"s:369:4:369:Infinity":120,"b:369:12:369:22:369:26:369:30":43,"f:369:36:369:40":21,"s:369:44:369:75":121,"f:372:8:372:18":22,"b:372:28:372:30":44,"s:373:17:377:Infinity":122,"s:378:4:378:Infinity":123,"b:378:12:378:22:378:26:378:30":45,"f:378:36:378:40":23,"s:378:44:378:71":124,"f:381:8:381:22":24,"b:381:32:381:34":46,"s:382:17:382:Infinity":125,"s:383:4:383:Infinity":126,"b:383:12:383:22:383:26:383:30":47,"f:383:36:383:40":25,"s:383:44:383:75":127,"f:386:8:386:27":26,"b:386:37:386:39":48,"s:387:17:391:Infinity":128,"s:392:4:392:Infinity":129,"b:392:12:392:22:392:26:392:30":49,"f:392:36:392:40":27,"s:392:44:392:73":130,"f:396:8:396:22":28,"s:397:4:402:Infinity":131,"s:398:19:398:Infinity":132,"s:399:6:399:Infinity":133,"b:399:34:399:43:399:47:399:64:399:68:399:74":50,"s:401:6:401:Infinity":134,"f:411:9:411:21":29,"s:412:14:412:Infinity":135,"b:413:2:413:Infinity:undefined:undefined:undefined:undefined":51,"s:413:2:413:Infinity":136,"s:413:12:413:Infinity":137,"s:415:17:415:Infinity":138,"s:417:17:417:Infinity":139,"s:418:2:420:Infinity":140,"s:419:4:419:Infinity":141,"s:421:2:423:Infinity":142,"b:421:50:421:61:421:65:421:67":52,"b:422:4:422:Infinity:undefined:undefined:undefined:undefined":53,"s:422:4:422:Infinity":143,"s:422:31:422:Infinity":144,"s:425:2:432:Infinity":145,"s:426:17:426:Infinity":146,"b:427:4:431:Infinity:undefined:undefined:undefined:undefined":54,"s:427:4:431:Infinity":147,"s:428:14:428:Infinity":148,"b:429:6:429:Infinity:undefined:undefined:undefined:undefined":55,"s:429:6:429:Infinity":149,"b:429:10:429:19:429:23:429:31:429:35:429:49":56,"s:429:51:429:Infinity":150,"s:430:6:430:Infinity":151,"s:434:2:434:Infinity":152,"f:442:16:442:31":30,"s:443:14:443:Infinity":153,"s:444:25:446:Infinity":154,"f:445:12:445:13":31,"s:445:26:445:39":155,"f:446:9:446:10":32,"s:446:23:446:30":156,"s:448:16:448:Infinity":157,"s:449:18:449:Infinity":158,"s:451:2:458:Infinity":159,"f:451:18:451:19":33,"s:452:20:452:Infinity":160,"f:452:42:452:43":34,"s:452:47:452:70":161,"b:452:47:452:54:452:58:452:70":57,"b:453:4:457:Infinity:455:11:457:Infinity":58,"s:453:4:457:Infinity":162,"s:454:6:454:Infinity":163,"s:456:6:456:Infinity":164,"s:460:2:460:Infinity":165,"f:469:16:469:32":35,"s:470:23:470:Infinity":166,"f:470:44:470:45":36,"s:470:49:470:88":167,"b:470:56:470:67:470:71:470:73":59,"s:471:21:471:Infinity":168,"s:472:21:472:Infinity":169,"s:474:2:481:Infinity":170,"f:474:18:474:21":37,"s:475:16:475:Infinity":171,"b:475:23:475:36:475:40:475:42":60,"b:476:4:480:Infinity:478:11:480:Infinity":61,"s:476:4:480:Infinity":172,"b:476:8:476:11:476:15:476:36":62,"s:477:6:477:Infinity":173,"s:479:6:479:Infinity":174,"s:483:2:483:Infinity":175}}}
}
